# This is the CMakeCache file.
# For build in directory: /home/wuy/ShannonBase/cmake_build_asan
# It was generated by CMake: /opt/cmake-4.1.2/bin/cmake
# You can edit this file to change values found and used by cmake.
# If you do not want to change any of the values, simply exit the editor.
# If you do want to change a value, simply edit, save, and exit the editor.
# The syntax for the file is as follows:
# KEY:TYPE=VALUE
# KEY is the name of a variable in the cache.
# TYPE is a hint to GUIs for the type of VALUE, DO NOT EDIT TYPE!.
# VALUE is the current value for the KEY.

########################
# EXTERNAL cache entries
########################

//If ON, Abseil will build all of Abseil's own tests.
ABSL_BUILD_TESTING:BOOL=OFF

//If ON, Abseil will build libraries that you can use to write
// tests against Abseil code. This option requires that Abseil
// is configured to use GoogleTest.
ABSL_BUILD_TEST_HELPERS:BOOL=OFF

//Enable install rule
ABSL_ENABLE_INSTALL:BOOL=OFF

//If set, download GoogleTest from this URL
ABSL_GOOGLETEST_DOWNLOAD_URL:STRING=

//Path to a library.
ABSL_LIBRT:FILEPATH=/usr/lib/x86_64-linux-gnu/librt.a

//If ABSL_USE_GOOGLETEST_HEAD is OFF and ABSL_GOOGLETEST_URL is
// not set, specifies the directory of a local GoogleTest checkout.
ABSL_LOCAL_GOOGLETEST_DIR:PATH=/usr/src/googletest

//If ON, Abseil will assume that the targets for GoogleTest are
// already provided by the including project. This makes sense
// when Abseil is used with add_subdirectory.
ABSL_USE_EXTERNAL_GOOGLETEST:BOOL=OFF

//If ON, abseil will download HEAD from GoogleTest at config time.
ABSL_USE_GOOGLETEST_HEAD:BOOL=OFF

//Silence warnings in Abseil headers by marking them as SYSTEM
// includes
ABSL_USE_SYSTEM_INCLUDES:BOOL=OFF

//Generate a .gdb_index section in the binaries.
ADD_GDB_INDEX:BOOL=OFF

//path to the awk executable
AWK_EXECUTABLE:FILEPATH=/usr/bin/awk

//path to the bison executable
BISON_EXECUTABLE:FILEPATH=/usr/bin/bison

//Build the 'lightgbm' command-line interface in addition to lib_lightgbm
BUILD_CLI:BOOL=ON

//Build C++ tests with Google Test
BUILD_CPP_TEST:BOOL=OFF

//Build shared libraries by default
BUILD_SHARED_LIBS:BOOL=OFF

//Build the testing tree.
BUILD_TESTING:BOOL=ON

//Bundle mecab and ipadic with plugin
BUNDLE_MECAB:BOOL=ON

//path to the executable
CAT_EXECUTABLE:FILEPATH=/usr/bin/cat

//Check printf format for English error messages
CHECK_ERRMSG_FORMAT:BOOL=OFF

//Path to a program.
CMAKE_ADDR2LINE:FILEPATH=/usr/bin/addr2line

//Path to a program.
CMAKE_AR:FILEPATH=/usr/bin/ar

//ASM compiler
CMAKE_ASM_COMPILER:FILEPATH=/usr/bin/cc

//A wrapper around 'ar' adding the appropriate '--plugin' option
// for the GCC compiler
CMAKE_ASM_COMPILER_AR:FILEPATH=/usr/bin/gcc-ar

//A wrapper around 'ranlib' adding the appropriate '--plugin' option
// for the GCC compiler
CMAKE_ASM_COMPILER_RANLIB:FILEPATH=/usr/bin/gcc-ranlib

//Flags used by the ASM compiler during all build types.
CMAKE_ASM_FLAGS:STRING=

//Flags used by the ASM compiler during DEBUG builds.
CMAKE_ASM_FLAGS_DEBUG:STRING=-g

//Flags used by the ASM compiler during MINSIZEREL builds.
CMAKE_ASM_FLAGS_MINSIZEREL:STRING=-Os -DNDEBUG

//Flags used by the ASM compiler during RELEASE builds.
CMAKE_ASM_FLAGS_RELEASE:STRING=-O3 -DNDEBUG

//Flags used by the ASM compiler during RELWITHDEBINFO builds.
CMAKE_ASM_FLAGS_RELWITHDEBINFO:STRING=-O2 -g -DNDEBUG

//Choose the type of build, options are: None(CMAKE_CXX_FLAGS or
//\n CMAKE_C_FLAGS used) Debug Release RelWithDebInfo MinSizeRel
CMAKE_BUILD_TYPE:STRING=Debug

//Enable/Disable color output during build.
CMAKE_COLOR_MAKEFILE:BOOL=ON

//CXX compiler
CMAKE_CXX_COMPILER:FILEPATH=/usr/bin/c++

//A wrapper around 'ar' adding the appropriate '--plugin' option
// for the GCC compiler
CMAKE_CXX_COMPILER_AR:FILEPATH=/usr/bin/gcc-ar-11

//A wrapper around 'ranlib' adding the appropriate '--plugin' option
// for the GCC compiler
CMAKE_CXX_COMPILER_RANLIB:FILEPATH=/usr/bin/gcc-ranlib-11

//Flags used by the CXX compiler during all build types.
CMAKE_CXX_FLAGS:STRING=

//Flags used by the CXX compiler during DEBUG builds.
CMAKE_CXX_FLAGS_DEBUG:STRING=-g

//Flags used by the CXX compiler during MINSIZEREL builds.
CMAKE_CXX_FLAGS_MINSIZEREL:STRING=-Os -DNDEBUG

//Flags used by the CXX compiler during RELEASE builds.
CMAKE_CXX_FLAGS_RELEASE:STRING=-O3 -DNDEBUG

//Flags used by the CXX compiler during RELWITHDEBINFO builds.
CMAKE_CXX_FLAGS_RELWITHDEBINFO:STRING=-O2 -g -DNDEBUG

//C compiler
CMAKE_C_COMPILER:FILEPATH=/usr/bin/cc

//A wrapper around 'ar' adding the appropriate '--plugin' option
// for the GCC compiler
CMAKE_C_COMPILER_AR:FILEPATH=/usr/bin/gcc-ar-11

//A wrapper around 'ranlib' adding the appropriate '--plugin' option
// for the GCC compiler
CMAKE_C_COMPILER_RANLIB:FILEPATH=/usr/bin/gcc-ranlib-11

//Flags used by the C compiler during all build types.
CMAKE_C_FLAGS:STRING=

//Flags used by the C compiler during DEBUG builds.
CMAKE_C_FLAGS_DEBUG:STRING=-g

//Flags used by the C compiler during MINSIZEREL builds.
CMAKE_C_FLAGS_MINSIZEREL:STRING=-Os -DNDEBUG

//Flags used by the C compiler during RELEASE builds.
CMAKE_C_FLAGS_RELEASE:STRING=-O3 -DNDEBUG

//Flags used by the C compiler during RELWITHDEBINFO builds.
CMAKE_C_FLAGS_RELWITHDEBINFO:STRING=-O2 -g -DNDEBUG

//Path to a program.
CMAKE_DLLTOOL:FILEPATH=CMAKE_DLLTOOL-NOTFOUND

//Flags used by the linker during all build types.
CMAKE_EXE_LINKER_FLAGS:STRING=

//Flags used by the linker during DEBUG builds.
CMAKE_EXE_LINKER_FLAGS_DEBUG:STRING=

//Flags used by the linker during MINSIZEREL builds.
CMAKE_EXE_LINKER_FLAGS_MINSIZEREL:STRING=

//Flags used by the linker during RELEASE builds.
CMAKE_EXE_LINKER_FLAGS_RELEASE:STRING=

//Flags used by the linker during RELWITHDEBINFO builds.
CMAKE_EXE_LINKER_FLAGS_RELWITHDEBINFO:STRING=

//Enable/Disable output of compile commands during generation.
CMAKE_EXPORT_COMPILE_COMMANDS:BOOL=

//Value Computed by CMake.
CMAKE_FIND_PACKAGE_REDIRECTS_DIR:STATIC=/home/wuy/ShannonBase/cmake_build_asan/CMakeFiles/pkgRedirects

//User executables (bin)
CMAKE_INSTALL_BINDIR:PATH=bin

//Read-only architecture-independent data (DATAROOTDIR)
CMAKE_INSTALL_DATADIR:PATH=

//Read-only architecture-independent data root (share)
CMAKE_INSTALL_DATAROOTDIR:PATH=share

//Documentation root (DATAROOTDIR/doc/PROJECT_NAME)
CMAKE_INSTALL_DOCDIR:PATH=

//C header files (include)
CMAKE_INSTALL_INCLUDEDIR:PATH=include

//Info documentation (DATAROOTDIR/info)
CMAKE_INSTALL_INFODIR:PATH=

//Object code libraries (lib)
CMAKE_INSTALL_LIBDIR:PATH=lib

//Program executables (libexec)
CMAKE_INSTALL_LIBEXECDIR:PATH=libexec

//Locale-dependent data (DATAROOTDIR/locale)
CMAKE_INSTALL_LOCALEDIR:PATH=

//Modifiable single-machine data (var)
CMAKE_INSTALL_LOCALSTATEDIR:PATH=var

//Man documentation (DATAROOTDIR/man)
CMAKE_INSTALL_MANDIR:PATH=

//C header files for non-gcc (/usr/include)
CMAKE_INSTALL_OLDINCLUDEDIR:PATH=/usr/include

//Install path prefix, prepended onto install directories.
CMAKE_INSTALL_PREFIX:PATH=/home/wuy/DB/ShannonBase/shannon_bin_asan

//Run-time variable data (LOCALSTATEDIR/run)
CMAKE_INSTALL_RUNSTATEDIR:PATH=

//System admin executables (sbin)
CMAKE_INSTALL_SBINDIR:PATH=sbin

//Modifiable architecture-independent data (com)
CMAKE_INSTALL_SHAREDSTATEDIR:PATH=com

//Read-only single-machine data (etc)
CMAKE_INSTALL_SYSCONFDIR:PATH=etc

//Path to a program.
CMAKE_LINKER:FILEPATH=/usr/bin/ld

//Path to a program.
CMAKE_MAKE_PROGRAM:FILEPATH=/usr/bin/gmake

//Flags used by the linker during the creation of modules during
// all build types.
CMAKE_MODULE_LINKER_FLAGS:STRING=

//Flags used by the linker during the creation of modules during
// DEBUG builds.
CMAKE_MODULE_LINKER_FLAGS_DEBUG:STRING=

//Flags used by the linker during the creation of modules during
// MINSIZEREL builds.
CMAKE_MODULE_LINKER_FLAGS_MINSIZEREL:STRING=

//Flags used by the linker during the creation of modules during
// RELEASE builds.
CMAKE_MODULE_LINKER_FLAGS_RELEASE:STRING=

//Flags used by the linker during the creation of modules during
// RELWITHDEBINFO builds.
CMAKE_MODULE_LINKER_FLAGS_RELWITHDEBINFO:STRING=

//Path to a program.
CMAKE_NM:FILEPATH=/usr/bin/nm

//Path to a program.
CMAKE_OBJCOPY:FILEPATH=/usr/bin/objcopy

//Path to a program.
CMAKE_OBJDUMP:FILEPATH=/usr/bin/objdump

//Value Computed by CMake
CMAKE_PROJECT_COMPAT_VERSION:STATIC=

//Value Computed by CMake
CMAKE_PROJECT_DESCRIPTION:STATIC=

//Value Computed by CMake
CMAKE_PROJECT_HOMEPAGE_URL:STATIC=

//Value Computed by CMake
CMAKE_PROJECT_NAME:STATIC=MySQL

//Value Computed by CMake
CMAKE_PROJECT_VERSION:STATIC=8.4.3

//Value Computed by CMake
CMAKE_PROJECT_VERSION_MAJOR:STATIC=8

//Value Computed by CMake
CMAKE_PROJECT_VERSION_MINOR:STATIC=4

//Value Computed by CMake
CMAKE_PROJECT_VERSION_PATCH:STATIC=3

//Value Computed by CMake
CMAKE_PROJECT_VERSION_TWEAK:STATIC=

//Path to a program.
CMAKE_RANLIB:FILEPATH=/usr/bin/ranlib

//Path to a program.
CMAKE_READELF:FILEPATH=/usr/bin/readelf

//Flags used by the linker during the creation of shared libraries
// during all build types.
CMAKE_SHARED_LINKER_FLAGS:STRING=

//Flags used by the linker during the creation of shared libraries
// during DEBUG builds.
CMAKE_SHARED_LINKER_FLAGS_DEBUG:STRING=

//Flags used by the linker during the creation of shared libraries
// during MINSIZEREL builds.
CMAKE_SHARED_LINKER_FLAGS_MINSIZEREL:STRING=

//Flags used by the linker during the creation of shared libraries
// during RELEASE builds.
CMAKE_SHARED_LINKER_FLAGS_RELEASE:STRING=

//Flags used by the linker during the creation of shared libraries
// during RELWITHDEBINFO builds.
CMAKE_SHARED_LINKER_FLAGS_RELWITHDEBINFO:STRING=

//Target 'install' does not depend on 'all'
CMAKE_SKIP_INSTALL_ALL_DEPENDENCY:BOOL=OFF

//If set, runtime paths are not added when installing shared libraries,
// but are added when building.
CMAKE_SKIP_INSTALL_RPATH:BOOL=NO

//If set, runtime paths are not added when using shared libraries.
CMAKE_SKIP_RPATH:BOOL=NO

//Flags used by the archiver during the creation of static libraries
// during all build types.
CMAKE_STATIC_LINKER_FLAGS:STRING=

//Flags used by the archiver during the creation of static libraries
// during DEBUG builds.
CMAKE_STATIC_LINKER_FLAGS_DEBUG:STRING=

//Flags used by the archiver during the creation of static libraries
// during MINSIZEREL builds.
CMAKE_STATIC_LINKER_FLAGS_MINSIZEREL:STRING=

//Flags used by the archiver during the creation of static libraries
// during RELEASE builds.
CMAKE_STATIC_LINKER_FLAGS_RELEASE:STRING=

//Flags used by the archiver during the creation of static libraries
// during RELWITHDEBINFO builds.
CMAKE_STATIC_LINKER_FLAGS_RELWITHDEBINFO:STRING=

//Path to a program.
CMAKE_STRIP:FILEPATH=/usr/bin/strip

//Path to a program.
CMAKE_TAPI:FILEPATH=CMAKE_TAPI-NOTFOUND

//If this value is on, makefiles will be generated without the
// .SILENT directive, and all commands will be echoed to the console
// during the make.  This is useful for debugging only. With Visual
// Studio IDE projects all commands are done without /nologo.
CMAKE_VERBOSE_MAKEFILE:BOOL=FALSE

//Compress debug sections of mysqld and test executables
COMPRESS_DEBUG_SECTIONS:BOOL=OFF

//Path to the coverage program that CTest uses for performing coverage
// inspection
COVERAGE_COMMAND:FILEPATH=/usr/bin/gcov

//Extra command line flags to pass to the coverage tool
COVERAGE_EXTRA_FLAGS:STRING=-l

//Enable to build Debian packages
CPACK_BINARY_DEB:BOOL=OFF

//Enable to build FreeBSD packages
CPACK_BINARY_FREEBSD:BOOL=OFF

//Enable to build IFW packages
CPACK_BINARY_IFW:BOOL=OFF

//Enable to build NSIS packages
CPACK_BINARY_NSIS:BOOL=OFF

//Enable to build RPM packages
CPACK_BINARY_RPM:BOOL=OFF

//Enable to build STGZ packages
CPACK_BINARY_STGZ:BOOL=ON

//Enable to build TBZ2 packages
CPACK_BINARY_TBZ2:BOOL=OFF

//Enable to build TGZ packages
CPACK_BINARY_TGZ:BOOL=ON

//Enable to build TXZ packages
CPACK_BINARY_TXZ:BOOL=OFF

//Enable to build TZ packages
CPACK_BINARY_TZ:BOOL=ON

//Path to a program.
CTAGS_EXECUTABLE:FILEPATH=CTAGS_EXECUTABLE-NOTFOUND

//How many times to retry timed-out CTest submissions.
CTEST_SUBMIT_RETRY_COUNT:STRING=3

//How long to wait between timed-out CTest submissions.
CTEST_SUBMIT_RETRY_DELAY:STRING=5

//Path to a library.
CURSES_CURSES_LIBRARY:FILEPATH=/usr/lib/x86_64-linux-gnu/libcurses.so

//Path to a library.
CURSES_FORM_LIBRARY:FILEPATH=/usr/lib/x86_64-linux-gnu/libform.so

//Path to a file.
CURSES_INCLUDE_PATH:PATH=/usr/include

//Path to a library.
CURSES_NCURSES_LIBRARY:FILEPATH=/usr/lib/x86_64-linux-gnu/libncurses.so

//Maximum time allowed before CTest will kill the test.
DART_TESTING_TIMEOUT:STRING=1500

//Build server as mysqld-debug (debug builds only)
DEBUG_EXTNAME:BOOL=OFF

DEB_CHANGELOG_TIMESTAMP:STRING=Thu, 23 Oct 2025 16:49:52 +0800

DEB_CODENAME:STRING=impish

DEB_ID:STRING=Ubuntu

DEB_RELEASE:STRING=21.10

//No help, variable specified on the command line.
DEFAULT_SET:UNINITIALIZED=community

//Exclude the performance schema condition instrumentation
DISABLE_PSI_COND:BOOL=OFF

//Exclude the performance schema data lock instrumentation
DISABLE_PSI_DATA_LOCK:BOOL=OFF

//Exclude the performance schema server error instrumentation
DISABLE_PSI_ERROR:BOOL=OFF

//Exclude the performance schema file instrumentation
DISABLE_PSI_FILE:BOOL=OFF

//Exclude the performance schema idle instrumentation
DISABLE_PSI_IDLE:BOOL=OFF

//Exclude the performance schema memory instrumentation
DISABLE_PSI_MEMORY:BOOL=OFF

//Exclude the performance schema metadata instrumentation
DISABLE_PSI_METADATA:BOOL=OFF

//Exclude the performance schema server telemetry metrics instrumentation
DISABLE_PSI_METRICS:BOOL=OFF

//Exclude the performance schema mutex instrumentation
DISABLE_PSI_MUTEX:BOOL=OFF

//Exclude the performance schema prepared statements instances
// instrumentation
DISABLE_PSI_PS:BOOL=OFF

//Exclude the performance schema rwlock instrumentation
DISABLE_PSI_RWLOCK:BOOL=OFF

//Exclude the performance schema server telemetry traces instrumentation
DISABLE_PSI_SERVER_TELEMETRY_TRACES:BOOL=OFF

//Exclude the performance schema socket instrumentation
DISABLE_PSI_SOCKET:BOOL=OFF

//Exclude the performance schema stored procedure instrumentation
DISABLE_PSI_SP:BOOL=OFF

//Exclude the performance schema stage instrumentation
DISABLE_PSI_STAGE:BOOL=OFF

//Exclude the performance schema statement instrumentation
DISABLE_PSI_STATEMENT:BOOL=OFF

//Exclude the performance schema statement digest instrumentation
DISABLE_PSI_STATEMENT_DIGEST:BOOL=OFF

//Exclude the performance schema table instrumentation
DISABLE_PSI_TABLE:BOOL=OFF

//Exclude the performance schema thread instrumentation
DISABLE_PSI_THREAD:BOOL=OFF

//Exclude the performance schema tls channel instrumentation
DISABLE_PSI_TLS_CHANNEL:BOOL=OFF

//Exclude the performance schema transaction instrumentation
DISABLE_PSI_TRANSACTION:BOOL=OFF

//Build doc tests?
DOCTESTS:BOOL=OFF

//Dot tool for use with Doxygen
DOXYGEN_DOT_EXECUTABLE:FILEPATH=DOXYGEN_DOT_EXECUTABLE-NOTFOUND

//Doxygen documentation generation tool (https://www.doxygen.nl)
DOXYGEN_EXECUTABLE:FILEPATH=DOXYGEN_EXECUTABLE-NOTFOUND

//If we should enable LOAD DATA LOCAL by default
ENABLED_LOCAL_INFILE:BOOL=1

//Enable profiling
ENABLED_PROFILING:BOOL=ON

//Semicolon separated list of sanitizer names, e.g., 'address;leak'.
// Supported sanitizers are address, leak, undefined and thread.
ENABLED_SANITIZERS:STRING=address;leak;undefined

//Enable amalgamated build?
ENABLE_AMALGAM:BOOL=OFF

//Enable generating compile_commands.json?
ENABLE_COMPILE_COMMANDS:BOOL=ON

//Expose ussually hidden system variables to allow experiments
ENABLE_EXPERIMENT_SYSVARS:BOOL=OFF

//Enable gcov (debug, Linux builds only)
ENABLE_GCOV:BOOL=OFF

//Enable gprof (optimized, Linux builds only)
ENABLE_GPROF:BOOL=OFF

//Enable generating a link map file?
ENABLE_LINK_MAP:BOOL=OFF

//Enable LTO build?
ENABLE_LTO:BOOL=ON

//Enable stripping all symbols from release binary?
ENABLE_STRIP:BOOL=ON

//Path to a library.
EXECINFO_LIBRARY:FILEPATH=EXECINFO_LIBRARY-NOTFOUND

//No help, variable specified on the command line.
EXTRA_CHARSETS:UNINITIALIZED=all

//Extra text in package name
EXTRA_NAME_SUFFIX:STRING=

//Enable library constructor/destructor support?
FEATURE_INIT_FINI:BOOL=OFF

//Colorize compiler output
FORCE_COLORED_OUTPUT:BOOL=OFF

//Allow in-source build
FORCE_INSOURCE_BUILD:BOOL=OFF

//Disable compiler version checks
FORCE_UNSUPPORTED_COMPILER:BOOL=OFF

//Add -fprofile-generate
FPROFILE_GENERATE:BOOL=OFF

//Add -fprofile-use
FPROFILE_USE:BOOL=OFF

//Path to a program.
GETCONF:FILEPATH=/usr/bin/getconf

//Git command line client
GIT_EXECUTABLE:FILEPATH=/usr/bin/git

//Find header files with GLOB_RECURSE
GLOB_RECURSE_SQL_HEADERS:BOOL=OFF

//path to the executable
GTAR_EXECUTABLE:FILEPATH=GTAR_EXECUTABLE-NOTFOUND

//Handle fatal signals with internal signal handler
HANDLE_FATAL_SIGNALS:BOOL=OFF

//Name of Harness
HARNESS_NAME:STRING=mysqlrouter

//Value Computed by CMake
ICU_BINARY_DIR:STATIC=/home/wuy/ShannonBase/cmake_build_asan/extra/icu

//Value Computed by CMake
ICU_IS_TOP_LEVEL:STATIC=OFF

//Value Computed by CMake
ICU_SOURCE_DIR:STATIC=/home/wuy/ShannonBase/extra/icu

//Compile InnoDB with compiler hints
INNODB_COMPILER_HINTS:BOOL=ON

//BIN installation directory
INSTALL_BINDIR:STRING=bin

//DOC installation directory
INSTALL_DOCDIR:STRING=docs

//DOCREADME installation directory
INSTALL_DOCREADMEDIR:STRING=.

//Install headers to CMAKE_INSTALL_PREFIX (e.g. '/usr/local/include')
INSTALL_HEADERS:BOOL=ON

//INCLUDE installation directory
INSTALL_INCLUDEDIR:STRING=include

//INFO installation directory
INSTALL_INFODIR:STRING=docs

//Installation directory layout. Options are: TARGZ (as in tar.gz
// installer), STANDALONE, RPM, DEB, SVR4
INSTALL_LAYOUT:STRING=STANDALONE

//LIB installation directory
INSTALL_LIBDIR:STRING=lib

//MAN installation directory
INSTALL_MANDIR:STRING=man

//MYSQLDATA installation directory
INSTALL_MYSQLDATADIR:STRING=data

//MYSQLKEYRING installation directory
INSTALL_MYSQLKEYRINGDIR:STRING=keyring

//MYSQLSHARE installation directory
INSTALL_MYSQLSHAREDIR:STRING=share

//MYSQLTEST installation directory
INSTALL_MYSQLTESTDIR:STRING=mysql-test

//Where to install mysqlclient.pc, defaults to lib/pkgconfig
INSTALL_PKGCONFIGDIR:PATH=

//PLUGIN installation directory
INSTALL_PLUGINDIR:STRING=lib/plugin

//PLUGINTEST installation directory
INSTALL_PLUGINTESTDIR:STRING=

//PRIV_LIB installation directory
INSTALL_PRIV_LIBDIR:STRING=lib/private

//SBIN installation directory
INSTALL_SBINDIR:STRING=bin

//SECURE_FILE_PRIV installation directory
INSTALL_SECURE_FILE_PRIVDIR:STRING=NULL

//SHARE installation directory
INSTALL_SHAREDIR:STRING=share

//Install static libraries
INSTALL_STATIC_LIBRARIES:BOOL=ON

//SUPPORTFILES installation directory
INSTALL_SUPPORTFILESDIR:STRING=support-files

//Build jerry command line tool?
JERRY_CMDLINE:BOOL=ON

//Build jerry snapshot command line tool?
JERRY_CMDLINE_SNAPSHOT:BOOL=OFF

//Build jerry test command line tool?
JERRY_CMDLINE_TEST:BOOL=OFF

//Enable 32 bit compressed pointers?
JERRY_CPOINTER_32_BIT:BOOL=OFF

//Enable JerryScript debugger?
JERRY_DEBUGGER:BOOL=OFF

//Enable error messages?
JERRY_ERROR_MESSAGES:BOOL=OFF

//Build jerry-ext?
JERRY_EXT:BOOL=ON

//Enable external context?
JERRY_EXTERNAL_CONTEXT:BOOL=OFF

//Enable function toString operation?
JERRY_FUNCTION_TO_STRING:BOOL=OFF

//Heap usage limit to trigger garbage collection
JERRY_GC_LIMIT:STRING=(0)

//Maximum depth of recursion during GC mark phase
JERRY_GC_MARK_LIMIT:STRING=(8)

//Size of memory heap, in kilobytes
JERRY_GLOBAL_HEAP_SIZE:STRING=(512)

//Build jerry with libfuzzer support?
JERRY_LIBFUZZER:BOOL=OFF

//Enable line info?
JERRY_LINE_INFO:BOOL=OFF

//Enable logging?
JERRY_LOGGING:BOOL=OFF

//Build and use jerry-math?
JERRY_MATH:BOOL=OFF

//Enable mem-stress test?
JERRY_MEM_GC_BEFORE_EACH_ALLOC:BOOL=OFF

//Enable memory statistics?
JERRY_MEM_STATS:BOOL=OFF

//Enable javascript-parser?
JERRY_PARSER:BOOL=ON

//Enable parser byte-code dumps?
JERRY_PARSER_DUMP_BYTE_CODE:BOOL=OFF

//Build default jerry port implementation?
JERRY_PORT:BOOL=ON

//Use default or other profile?
JERRY_PROFILE:STRING=es.next

//Enable Promise callbacks?
JERRY_PROMISE_CALLBACK:BOOL=OFF

//Enable regexp byte-code dumps?
JERRY_REGEXP_DUMP_BYTE_CODE:BOOL=OFF

//Enable regexp strict mode?
JERRY_REGEXP_STRICT_MODE:BOOL=OFF

//Enable executing snapshot files?
JERRY_SNAPSHOT_EXEC:BOOL=OFF

//Enable saving snapshot files?
JERRY_SNAPSHOT_SAVE:BOOL=OFF

//Maximum stack usage size, in kilobytes
JERRY_STACK_LIMIT:STRING=(0)

//Enable system allocator?
JERRY_SYSTEM_ALLOCATOR:BOOL=OFF

//Enable stack measurement for the jerry-test binary?
JERRY_TEST_STACK_MEASURE:BOOL=OFF

//Enable Valgrind support?
JERRY_VALGRIND:BOOL=OFF

//Enable VM execution stop callback?
JERRY_VM_HALT:BOOL=OFF

//Enable VM throw callback?
JERRY_VM_THROW:BOOL=OFF

//Value Computed by CMake
Jerry_BINARY_DIR:STATIC=/home/wuy/ShannonBase/cmake_build_asan/extra/jerryscript

//Value Computed by CMake
Jerry_IS_TOP_LEVEL:STATIC=OFF

//Value Computed by CMake
Jerry_SOURCE_DIR:STATIC=/home/wuy/ShannonBase/extra/jerryscript

//Path to a library.
LBER_SYSTEM_LIBRARY:FILEPATH=/usr/lib/x86_64-linux-gnu/liblber.so

//Path to a library.
LDAP_SYSTEM_LIBRARY:FILEPATH=/usr/lib/x86_64-linux-gnu/libldap_r.so

//Randomize the order of all symbols in the binary
LINK_RANDOMIZE:BOOL=OFF

//Seed to use for link randomization
LINK_RANDOMIZE_SEED:STRING=mysql

//Command to build the project
MAKECOMMAND:STRING=/opt/cmake-4.1.2/bin/cmake --build . --config "${CTEST_CONFIGURATION_TYPE}"

//Set the entity that appears as the manufacturer of packages that
// support a manufacturer field.
MANUFACTURER:STRING=Built from Source

//Path to the memory checking command, used for memory error detection.
MEMORYCHECK_COMMAND:FILEPATH=MEMORYCHECK_COMMAND-NOTFOUND

//File that contains suppressions for the memory checker
MEMORYCHECK_SUPPRESSIONS_FILE:FILEPATH=

//Reduce debug information for gcc RelWithDebInfo builds
MINIMAL_RELWITHDEBINFO:BOOL=OFF

//Enable the extra MSVC CppCheck checks
MSVC_CPPCHECK:BOOL=OFF

//Mutex type: event, sys or futex
MUTEXTYPE:STRING=event

//MYSQLX_GENERATE_DIR
MYSQLX_GENERATE_DIR:STRING=/home/wuy/ShannonBase/cmake_build_asan/plugin/x/generated

//default MySQL data directory
MYSQL_DATADIR:PATH=/home/wuy/DB/ShannonBase/db/data_asan

//Location from where documentation is copied
MYSQL_DOCS_LOCATION:PATH=

//default MySQL ICU data directory
MYSQL_ICU_DATADIR:PATH=/home/wuy/DB/ShannonBase/shannon_bin_asan/lib/private

//default MySQL keyring directory
MYSQL_KEYRINGDIR:PATH=/home/wuy/DB/ShannonBase/shannon_bin_asan/keyring

//MySQL maintainer-specific development environment
MYSQL_MAINTAINER_MODE:BOOL=OFF

//MySQL project name
MYSQL_PROJECT_NAME:STRING=MySQL

//Name of default configuration file
MYSQL_ROUTER_INI:STRING=mysqlrouter.conf

//MySQL Router project name
MYSQL_ROUTER_NAME:STRING=MySQL Router

//No help, variable specified on the command line.
MYSQL_TCP_PORT:UNINITIALIZED=3308

//No help, variable specified on the command line.
MYSQL_UNIX_ADDR:UNINITIALIZED=/tmp/mysql_asan.sock

//Path to a program.
MY_DPKG_BUILDFLAGS:FILEPATH=/usr/bin/dpkg-buildflags

//pkg-config executable
MY_PKG_CONFIG_EXECUTABLE:FILEPATH=/usr/bin/pkg-config

//Path to a program.
MY_RPM:FILEPATH=MY_RPM-NOTFOUND

//Path to a program.
MY_UNAME:FILEPATH=/usr/bin/uname

//Value Computed by CMake
MySQLRouter_BINARY_DIR:STATIC=/home/wuy/ShannonBase/cmake_build_asan/router

//Value Computed by CMake
MySQLRouter_IS_TOP_LEVEL:STATIC=OFF

//Value Computed by CMake
MySQLRouter_SOURCE_DIR:STATIC=/home/wuy/ShannonBase/router

//Value Computed by CMake
MySQL_BINARY_DIR:STATIC=/home/wuy/ShannonBase/cmake_build_asan

//Value Computed by CMake
MySQL_IS_TOP_LEVEL:STATIC=ON

//Value Computed by CMake
MySQL_SOURCE_DIR:STATIC=/home/wuy/ShannonBase

//Path to a file.
ONNXRUNTIME_INCLUDE_DIR:PATH=ONNXRUNTIME_INCLUDE_DIR-NOTFOUND

//Path to a library.
ONNXRUNTIME_LIBRARY:FILEPATH=ONNXRUNTIME_LIBRARY-NOTFOUND

//Path to a library.
OPENSSL_CRYPTO_LIBRARY:FILEPATH=/usr/lib/x86_64-linux-gnu/libcrypto.so

//Path to a file.
OPENSSL_INCLUDE_DIR:PATH=/usr/include

//Path to a library.
OPENSSL_SSL_LIBRARY:FILEPATH=/usr/lib/x86_64-linux-gnu/libssl.so

//Add -O1 -fno-inline to sanitizer builds
OPTIMIZE_SANITIZER_BUILDS:BOOL=ON

//CXX compiler flags for OpenMP parallelization
OpenMP_CXX_FLAGS:STRING=-fopenmp

//CXX compiler libraries for OpenMP parallelization
OpenMP_CXX_LIB_NAMES:STRING=gomp;pthread

//C compiler flags for OpenMP parallelization
OpenMP_C_FLAGS:STRING=-fopenmp

//C compiler libraries for OpenMP parallelization
OpenMP_C_LIB_NAMES:STRING=gomp;pthread

//Path to the gomp library for OpenMP
OpenMP_gomp_LIBRARY:FILEPATH=/usr/lib/gcc/x86_64-linux-gnu/11/libgomp.so

//Path to the pthread library for OpenMP
OpenMP_pthread_LIBRARY:FILEPATH=/usr/lib/x86_64-linux-gnu/libpthread.a

//Path to a program.
PATCHELF_EXECUTABLE:FILEPATH=/home/wuy/software/bin/patchelf

//Path to a program.
PERL_EXECUTABLE:FILEPATH=/usr/bin/perl

//Arguments to supply to pkg-config
PKG_CONFIG_ARGN:STRING=

//pkg-config executable
PKG_CONFIG_EXECUTABLE:FILEPATH=/usr/bin/pkg-config

//Path to a program.
ProcessorCount_cmd_nproc:FILEPATH=/usr/bin/nproc

//Path to a program.
ProcessorCount_cmd_sysctl:FILEPATH=/usr/sbin/sysctl

//Path to a program.
READELF_EXECUTABLE:FILEPATH=/usr/bin/readelf

//Take extra pains to make build result independent of build location
// and time
REPRODUCIBLE_BUILD:BOOL=OFF

//Path to a library.
RESOLV_LIBRARY:FILEPATH=/usr/lib/x86_64-linux-gnu/libresolv.so

//Location of data files such as keyring file
ROUTER_DATADIR:STRING=/home/wuy/DB/ShannonBase/shannon_bin_asan/var/lib/mysqlrouter

//Router BIN installation directory
ROUTER_INSTALL_BINDIR:STRING=bin

//Router CONFIG installation directory
ROUTER_INSTALL_CONFIGDIR:STRING=.

//Router DATA installation directory
ROUTER_INSTALL_DATADIR:STRING=var/lib/mysqlrouter

//Router DOC installation directory
ROUTER_INSTALL_DOCDIR:STRING=docs

//Installation directory layout. Options are: STANDALONE RPM DEB
// SVR4 TARGZ
ROUTER_INSTALL_LAYOUT:STRING=STANDALONE

//Router LIB installation directory
ROUTER_INSTALL_LIBDIR:STRING=lib/mysqlrouter/private

//Router LOG installation directory
ROUTER_INSTALL_LOGDIR:STRING=.

//Router LOGROTATE installation directory
ROUTER_INSTALL_LOGROTATEDIR:STRING=.

//Router LOGROTATE installation filename
ROUTER_INSTALL_LOGROTATEFILE:STRING=mysqlrouter-log-rotate

//Router PLUGIN installation directory
ROUTER_INSTALL_PLUGINDIR:STRING=lib/mysqlrouter

//Router RUNTIME installation directory
ROUTER_INSTALL_RUNTIMEDIR:STRING=run

//Location of log files; empty is console (logging_folder)
ROUTER_LOGDIR:STRING=/home/wuy/DB/ShannonBase/shannon_bin_asan/.

//Location MySQL Router plugins (plugin_folder)
ROUTER_PLUGINDIR:STRING=/home/wuy/DB/ShannonBase/shannon_bin_asan/lib/mysqlrouter

//Location runtime files such as PID file (runtime_folder)
ROUTER_RUNTIMEDIR:STRING=/home/wuy/DB/ShannonBase/shannon_bin_asan/run

//path to the rpcgen executable
RPCGEN_EXECUTABLE:FILEPATH=/usr/bin/rpcgen

//Path to a library.
SASL_SYSTEM_LIBRARY:FILEPATH=SASL_SYSTEM_LIBRARY-NOTFOUND

//Path to a library.
SASL_SYSTEM_SCRAM_LIBRARY:FILEPATH=/usr/lib/x86_64-linux-gnu/sasl2/libscram.so

//Show mysqld build id as final target
SHOW_BUILD_ID:BOOL=OFF

//Show suppressed compiler warnings, without failing with -Werror
SHOW_SUPPRESSED_COMPILER_WARNINGS:BOOL=OFF

//Name of the computer/site where compile is being run
SITE:STRING=WEST-Algorithm-Server3

//config directory (for my.cnf)
SYSCONFDIR:PATH=/home/wuy/DB/ShannonBase/db

//path to the executable
TAR_EXECUTABLE:FILEPATH=/usr/bin/tar

//PATH to MySQL TMP dir. Defaults to the P_tmpdir macro in <stdio.h>
TMPDIR:PATH=P_tmpdir

//Build unit tests?
UNITTESTS:BOOL=OFF

//Use bison results from source distribution tarball
USE_BISON_RESULTS_FROM_MAKE_DIST:BOOL=OFF

//Enable CUDA-accelerated training 
USE_CUDA:BOOL=OFF

//Set to ON for Debug mode
USE_DEBUG:BOOL=OFF

//Enable GPU-accelerated training
USE_GPU:BOOL=OFF

//(macOS-only) also look in 'brew --prefix' for libraries (e.g.
// OpenMP)
USE_HOMEBREW_FALLBACK:BOOL=ON

//Enable MPI-based distributed learning
USE_MPI:BOOL=OFF

//Enable OpenMP
USE_OPENMP:BOOL=ON

//Use sanitizer flags
USE_SANITIZER:BOOL=OFF

//Enable SWIG to generate Java API
USE_SWIG:BOOL=OFF

//Set to ON to output time costs
USE_TIMETAG:BOOL=OFF

//No help, variable specified on the command line.
WITHOUT_NDB:UNINITIALIZED=ON

//OFF
WITHOUT_SERVER:BOOL=OFF

//Link ARCHIVE statically to the server
WITH_ARCHIVE_STORAGE_ENGINE:BOOL=ON

//Enable address sanitizer
WITH_ASAN:BOOL=ON

//Enable -fsanitize-address-use-after-scope
WITH_ASAN_SCOPE:BOOL=ON

//Build client-side authentication plugins, even if server-side
// are disabled
WITH_AUTHENTICATION_CLIENT_PLUGINS:BOOL=OFF

//Report error if the Kerberos authentication plugin cannot be
// built.
WITH_AUTHENTICATION_KERBEROS:BOOL=OFF

//Report error if the LDAP authentication plugin cannot be built.
WITH_AUTHENTICATION_LDAP:BOOL=OFF

//Report error if the WEBAUTHN authentication plugin cannot be
// built.
WITH_AUTHENTICATION_WEBAUTHN:BOOL=OFF

//Link BLACKHOLE statically to the server
WITH_BLACKHOLE_STORAGE_ENGINE:BOOL=ON

//No help, variable specified on the command line.
WITH_BOOST:UNINITIALIZED=/home/wuy/software/boost_1_77_0

//Add --build-id=sha1 to all executables.
WITH_BUILD_ID:BOOL=ON

//Support for client-side protocol tracing plugins
WITH_CLIENT_PROTOCOL_TRACING:BOOL=ON

//Compile change streams library with protobuf based functionality
WITH_CS_PROTOBUF:BOOL=OFF

//| system (use the OS curl library), | bundled (code in extra/curl),
// | </path/to/custom/installation>, | 0 | no | off | none (skip
// curl)| 
WITH_CURL:STRING=none

//Use dbug/safemutex
WITH_DEBUG:BOOL=1

//Use flags from cmake/build_configurations/compiler_options.cmake
WITH_DEFAULT_COMPILER_OPTIONS:BOOL=ON

//By default use bundled editline
WITH_EDITLINE:STRING=bundled

//No help, variable specified on the command line.
WITH_EMBEDDED_SERVER:UNINITIALIZED=OFF

//Enable error injection in NDB
WITH_ERROR_INSERT:BOOL=OFF

//Use libbacktrace to print stacktraces
WITH_EXT_BACKTRACE:BOOL=ON

//Link FEDERATED statically to the server
WITH_FEDERATED_STORAGE_ENGINE:BOOL=ON

//fido2 is disabled
WITH_FIDO:STRING=none

//Allow use of the hypergraph join optimizer
WITH_HYPERGRAPH_OPTIMIZER:BOOL=ON

//By default use bundled icu library
WITH_ICU:STRING=bundled

//Enable extra InnoDB debug checks
WITH_INNODB_EXTRA_DEBUG:BOOL=OFF

//Use jemalloc rather than builtin malloc/free etc.
WITH_JEMALLOC:BOOL=OFF

//Build and install standalone json_binlog library
WITH_JSON_BINLOG_LIBRARY:BOOL=OFF

//| system (use the OS kerberos library), | </path/to/custom/installation>,
// | none (skip kerberos)>
WITH_KERBEROS:STRING=none

//Enable Lakehouse support (Parquet reader)
WITH_LAKEHOUSE:BOOL=OFF

//| system (use the OS ldap library), | </path/to/custom/installation>
WITH_LDAP:STRING=system

//Compile with tcp wrappers support
WITH_LIBWRAP:BOOL=OFF

//Build the lock order mutex instrumentation code.
WITH_LOCK_ORDER:BOOL=OFF

//Enable leak sanitizer
WITH_LSAN:BOOL=OFF

//Enable the link-time optimizer. Currently works for gcc7/gcc8/gcc9/macos
// only.
WITH_LTO:BOOL=OFF

//By default use bundled lz4 library
WITH_LZ4:STRING=bundled

//<empty> (disabled) | system (use os library) | </path/to/custom/installation>
// (use custom version)
WITH_MECAB:STRING=

//Enable memory sanitizer
WITH_MSAN:BOOL=OFF

//Link MYSQLX statically to the server
WITH_MYSQLX:BOOL=ON

//Link mysqlx plugin with agains full version of protobuf/mysqlxmessages/mysqlxclient
// for better debugging
WITH_MYSQLX_USE_PROTOBUF_FULL:BOOL=OFF

//Link MYSQL_NATIVE_PASSWORD statically to the server
WITH_MYSQL_NATIVE_PASSWORD:BOOL=ON

//Build MySQL Cluster
WITH_NDB:BOOL=OFF

//Link NDBCLUSTER statically to the server
WITH_NDBCLUSTER_STORAGE_ENGINE:BOOL=ON

//Build the MySQL Cluster multithreadded data node
WITH_NDBMTD:BOOL=ON

//Extra compiler flags for NDB
WITH_NDB_CCFLAGS:STRING=

//Enable special ndb NDB features(including ERROR_INSERT)
WITH_NDB_DEBUG:BOOL=OFF

//Include NDB Cluster Java components
WITH_NDB_JAVA:BOOL=OFF

//Default port used by MySQL Cluster management server
WITH_NDB_PORT:STRING=

//Search path for TLS keys and certificates
WITH_NDB_TLS_SEARCH_PATH:STRING=$HOME/ndb-tls

//Link NGRAM_PARSER statically to the server
WITH_NGRAM_PARSER:BOOL=ON

//Explicitly set NUMA memory allocation policy
WITH_NUMA:BOOL=ON

//Use DEB/RPM compiler flags
WITH_PACKAGE_FLAGS:BOOL=OFF

//No help, variable specified on the command line.
WITH_PARTITION_STORAGE_ENGINE:UNINITIALIZED=1

//Bundled protoc and protobuf library
WITH_PROTOBUF:STRING=bundled

//By default use bundled rapidjson on this platform
WITH_RAPIDJSON:STRING=bundled

//Build MySQL Router
WITH_ROUTER:BOOL=ON

//| system (use the OS sasl library), | </path/to/custom/installation>
WITH_SASL:STRING=system

//Allow showing the parse tree
WITH_SHOW_PARSE_TREE:BOOL=ON

//No help, variable specified on the command line.
WITH_SSL:UNINITIALIZED=system

//Enable installation of systemd support files
WITH_SYSTEMD:BOOL=OFF

//Build in systemd debug trace
WITH_SYSTEMD_DEBUG:BOOL=OFF

//Use -DWITH_XXX=system for CURL;EDITLINE;ICU;LZ4;PROTOBUF;SSL;ZSTD;FIDO;ZLIB
WITH_SYSTEM_LIBS:BOOL=OFF

//Use tcmalloc rather than builtin malloc/free etc.
WITH_TCMALLOC:BOOL=OFF

//Use tcmalloc_debug rather than builtin malloc/free etc.
WITH_TCMALLOC_DEBUG:BOOL=OFF

//Have a built-in test protocol trace plugin in libmysql (requires
// WITH_CLIENT_PROTOCOL_TRACING option)
WITH_TEST_TRACE_PLUGIN:BOOL=OFF

//Enable thread sanitizer
WITH_TSAN:BOOL=OFF

//Enable undefined behavior sanitizer
WITH_UBSAN:BOOL=OFF

//Compile MySQL with unit tests
WITH_UNIT_TESTS:BOOL=OFF

//Valgrind instrumentation
WITH_VALGRIND:BOOL=OFF

//By default use bundled zlib on this platform
WITH_ZLIB:STRING=bundled

//By default use bundled zstd library
WITH_ZSTD:STRING=bundled

//Enable logging of protobuf messages
XPLUGIN_LOG_PROTOBUF:STRING=1

//Enable Zlib Examples
ZLIB_BUILD_EXAMPLES:BOOL=ON

//BUILD CONTRIB
ZSTD_BUILD_CONTRIB:BOOL=OFF

//BUILD PROGRAMS
ZSTD_BUILD_PROGRAMS:BOOL=ON

//BUILD TESTS
ZSTD_BUILD_TESTS:BOOL=OFF

//LEGACY SUPPORT
ZSTD_LEGACY_SUPPORT:BOOL=OFF

//MULTITHREADING SUPPORT
ZSTD_MULTITHREAD_SUPPORT:BOOL=OFF

//Set to ON if building lib_lightgbm for use with the Python-package
__BUILD_FOR_PYTHON:BOOL=OFF

//Set to ON if building lib_lightgbm for use with the R-package
__BUILD_FOR_R:BOOL=OFF

//Set to ON if building LightGBM with the OpenCL ICD Loader and
// its dependencies included
__INTEGRATE_OPENCL:BOOL=OFF

//Value Computed by CMake
absl_BINARY_DIR:STATIC=/home/wuy/ShannonBase/cmake_build_asan/extra/abseil/abseil-cpp-20230802.1

//Value Computed by CMake
absl_IS_TOP_LEVEL:STATIC=OFF

//Value Computed by CMake
absl_SOURCE_DIR:STATIC=/home/wuy/ShannonBase/extra/abseil/abseil-cpp-20230802.1

//Value Computed by CMake
jerry-core_BINARY_DIR:STATIC=/home/wuy/ShannonBase/cmake_build_asan/extra/jerryscript/jerry-core

//Value Computed by CMake
jerry-core_IS_TOP_LEVEL:STATIC=OFF

//Dependencies for the target
jerry-core_LIB_DEPENDS:STATIC=general;m;

//Value Computed by CMake
jerry-core_SOURCE_DIR:STATIC=/home/wuy/ShannonBase/extra/jerryscript/jerry-core

//Value Computed by CMake
jerry-ext_BINARY_DIR:STATIC=/home/wuy/ShannonBase/cmake_build_asan/extra/jerryscript/jerry-ext

//Value Computed by CMake
jerry-ext_IS_TOP_LEVEL:STATIC=OFF

//Dependencies for the target
jerry-ext_LIB_DEPENDS:STATIC=general;jerry-core;

//Value Computed by CMake
jerry-ext_SOURCE_DIR:STATIC=/home/wuy/ShannonBase/extra/jerryscript/jerry-ext

//Value Computed by CMake
jerry-main_BINARY_DIR:STATIC=/home/wuy/ShannonBase/cmake_build_asan/extra/jerryscript/jerry-main

//Value Computed by CMake
jerry-main_IS_TOP_LEVEL:STATIC=OFF

//Value Computed by CMake
jerry-main_SOURCE_DIR:STATIC=/home/wuy/ShannonBase/extra/jerryscript/jerry-main

//Value Computed by CMake
jerry-port_BINARY_DIR:STATIC=/home/wuy/ShannonBase/cmake_build_asan/extra/jerryscript/jerry-port

//Value Computed by CMake
jerry-port_IS_TOP_LEVEL:STATIC=OFF

//Value Computed by CMake
jerry-port_SOURCE_DIR:STATIC=/home/wuy/ShannonBase/extra/jerryscript/jerry-port

//Value Computed by CMake
lightgbm_BINARY_DIR:STATIC=/home/wuy/ShannonBase/cmake_build_asan/extra/lightgbm

//Value Computed by CMake
lightgbm_IS_TOP_LEVEL:STATIC=OFF

//Value Computed by CMake
lightgbm_SOURCE_DIR:STATIC=/home/wuy/ShannonBase/extra/lightgbm

//Path to a library.
pkgcfg_lib_NCURSES_ncurses:FILEPATH=/usr/lib/x86_64-linux-gnu/libncurses.so

//Path to a library.
pkgcfg_lib_NCURSES_tinfo:FILEPATH=/usr/lib/x86_64-linux-gnu/libtinfo.so

//Path to a library.
pkgcfg_lib_TIRPC_tirpc:FILEPATH=/usr/lib/x86_64-linux-gnu/libtirpc.so

//Path to a library.
pkgcfg_lib__OPENSSL_crypto:FILEPATH=/usr/lib/x86_64-linux-gnu/libcrypto.so

//Path to a library.
pkgcfg_lib__OPENSSL_ssl:FILEPATH=/usr/lib/x86_64-linux-gnu/libssl.so

//Provider of absl library
protobuf_ABSL_PROVIDER:STRING=module

//Adjust build flags to allow for ccache support.
protobuf_ALLOW_CCACHE:BOOL=OFF

//Value Computed by CMake
protobuf_BINARY_DIR:STATIC=/home/wuy/ShannonBase/cmake_build_asan/extra/protobuf/protobuf-24.4

//Build conformance tests
protobuf_BUILD_CONFORMANCE:BOOL=OFF

//Build libprotoc
protobuf_BUILD_LIBPROTOC:BOOL=OFF

//Build protobuf libraries and protoc compiler
protobuf_BUILD_PROTOBUF_BINARIES:BOOL=ON

//Build libprotoc and protoc compiler
protobuf_BUILD_PROTOC_BINARIES:BOOL=ON

//Default debug postfix
protobuf_DEBUG_POSTFIX:STRING=d

//Remove runtime type information in the binaries
protobuf_DISABLE_RTTI:BOOL=OFF

//Install protobuf binaries and files
protobuf_INSTALL:BOOL=OFF

//Value Computed by CMake
protobuf_IS_TOP_LEVEL:STATIC=OFF

//Provider of jsoncpp library
protobuf_JSONCPP_PROVIDER:STRING=module

//CMake built-in FindProtobuf.cmake module compatible
protobuf_MODULE_COMPATIBLE:BOOL=OFF

//Value Computed by CMake
protobuf_SOURCE_DIR:STATIC=/home/wuy/ShannonBase/extra/protobuf/protobuf-24.4

//Output directory for XML logs from tests.
protobuf_TEST_XML_OUTDIR:BOOL=OFF

//Enable for verbose output
protobuf_VERBOSE:BOOL=OFF

//Value Computed by CMake
utf8_range_BINARY_DIR:STATIC=/home/wuy/ShannonBase/cmake_build_asan/extra/protobuf/protobuf-24.4/third_party/utf8_range

//Configure installation
utf8_range_ENABLE_INSTALL:BOOL=OFF

//Build test suite
utf8_range_ENABLE_TESTS:BOOL=OFF

//Value Computed by CMake
utf8_range_IS_TOP_LEVEL:STATIC=OFF

//Dependencies for the target
utf8_range_LIB_DEPENDS:STATIC=general;-lpthread;

//Value Computed by CMake
utf8_range_SOURCE_DIR:STATIC=/home/wuy/ShannonBase/extra/protobuf/protobuf-24.4/third_party/utf8_range

//Dependencies for the target
utf8_validity_LIB_DEPENDS:STATIC=general;-lpthread;general;absl::strings;

//Value Computed by CMake
zlib_BINARY_DIR:STATIC=/home/wuy/ShannonBase/cmake_build_asan/extra/zlib/zlib-1.3.1

//Value Computed by CMake
zlib_IS_TOP_LEVEL:STATIC=OFF

//Value Computed by CMake
zlib_SOURCE_DIR:STATIC=/home/wuy/ShannonBase/extra/zlib/zlib-1.3.1

//Value Computed by CMake
zstd_BINARY_DIR:STATIC=/home/wuy/ShannonBase/cmake_build_asan/extra/zstd

//Value Computed by CMake
zstd_IS_TOP_LEVEL:STATIC=OFF

//Value Computed by CMake
zstd_SOURCE_DIR:STATIC=/home/wuy/ShannonBase/extra/zstd


########################
# INTERNAL cache entries
########################

//Test ABSL_INTERNAL_AT_LEAST_CXX17
ABSL_INTERNAL_AT_LEAST_CXX17:INTERNAL=1
//ADVANCED property for variable: AWK_EXECUTABLE
AWK_EXECUTABLE-ADVANCED:INTERNAL=1
//ADVANCED property for variable: BISON_EXECUTABLE
BISON_EXECUTABLE-ADVANCED:INTERNAL=1
//BISON 3.x flags
BISON_FLAGS_WARNINGS:INTERNAL=--warnings=all,no-yacc,no-precedence
//ADVANCED property for variable: CAT_EXECUTABLE
CAT_EXECUTABLE-ADVANCED:INTERNAL=1
//Functions exported by client API
CLIENT_API_FUNCTIONS:INTERNAL=mysql_affected_rows;mysql_autocommit;mysql_change_user;mysql_character_set_name;mysql_close;mysql_commit;mysql_data_seek;mysql_debug;mysql_dump_debug_info;mysql_eof;mysql_errno;mysql_error;mysql_escape_string;mysql_fetch_field;mysql_fetch_field_direct;mysql_fetch_fields;mysql_fetch_lengths;mysql_fetch_row;mysql_field_count;mysql_field_seek;mysql_field_tell;mysql_free_result;mysql_get_client_info;mysql_get_client_version;mysql_get_host_info;mysql_get_proto_info;mysql_get_server_info;mysql_get_ssl_cipher;mysql_hex_string;mysql_info;mysql_init;mysql_insert_id;mysql_kill;mysql_list_dbs;mysql_list_fields;mysql_list_processes;mysql_list_tables;mysql_more_results;mysql_next_result;mysql_num_fields;mysql_num_rows;mysql_options;mysql_ping;mysql_query;mysql_set_server_option;mysql_stmt_bind_param;mysql_stmt_bind_named_param;mysql_stmt_bind_result;mysql_stmt_execute;mysql_stmt_fetch;mysql_stmt_fetch_column;mysql_stmt_param_count;mysql_stmt_param_metadata;mysql_stmt_result_metadata;mysql_thread_end;mysql_thread_init;mysql_read_query_result;mysql_real_connect;mysql_real_escape_string;mysql_real_escape_string_quote;mysql_real_query;mysql_refresh;mysql_rollback;mysql_row_seek;mysql_row_tell;mysql_select_db;mysql_stmt_send_long_data;mysql_client_find_plugin;mysql_client_register_plugin;mysql_get_character_set_info;mysql_get_option;mysql_get_server_version;mysql_load_plugin;mysql_load_plugin_v;mysql_options4;mysql_plugin_options;mysql_reset_connection;mysql_reset_server_public_key;mysql_result_metadata;mysql_send_query;mysql_server_end;mysql_server_init;mysql_session_track_get_first;mysql_session_track_get_next;mysql_set_character_set;mysql_set_local_infile_default;mysql_set_local_infile_handler;mysql_shutdown;mysql_sqlstate;mysql_ssl_set;mysql_stat;mysql_stmt_affected_rows;mysql_stmt_attr_get;mysql_stmt_attr_set;mysql_stmt_close;mysql_stmt_data_seek;mysql_stmt_errno;mysql_stmt_error;mysql_stmt_field_count;mysql_stmt_free_result;mysql_stmt_init;mysql_stmt_insert_id;mysql_stmt_next_result;mysql_stmt_num_rows;mysql_stmt_prepare;mysql_stmt_reset;mysql_stmt_row_seek;mysql_stmt_row_tell;mysql_stmt_sqlstate;mysql_stmt_store_result;mysql_store_result;mysql_thread_id;mysql_thread_safe;mysql_use_result;mysql_warning_count;mysql_real_connect_dns_srv;mysql_bind_param;mysql_plugin_get_option;mysql_get_ssl_session_reused;mysql_get_ssl_session_data;mysql_free_ssl_session_data;mysql_binlog_close;mysql_binlog_fetch;mysql_binlog_open
//Undocumented functions exported by client API
CLIENT_API_FUNCTIONS_UNDOCUMENTED:INTERNAL=get_tty_password;my_load_defaults;handle_options;my_make_scrambled_password
//Nonblocking functions exported by client API
CLIENT_API_NONBLOCKING_FUNCTIONS:INTERNAL=mysql_fetch_row_nonblocking;mysql_free_result_nonblocking;mysql_next_result_nonblocking;mysql_real_connect_nonblocking;mysql_real_query_nonblocking;mysql_send_query_nonblocking;mysql_store_result_nonblocking;mysql_get_connect_nonblocking_stage;mysql_reset_connection_nonblocking
//ADVANCED property for variable: CMAKE_ADDR2LINE
CMAKE_ADDR2LINE-ADVANCED:INTERNAL=1
//ADVANCED property for variable: CMAKE_AR
CMAKE_AR-ADVANCED:INTERNAL=1
//ADVANCED property for variable: CMAKE_ASM_COMPILER
CMAKE_ASM_COMPILER-ADVANCED:INTERNAL=1
//ADVANCED property for variable: CMAKE_ASM_COMPILER_AR
CMAKE_ASM_COMPILER_AR-ADVANCED:INTERNAL=1
//ADVANCED property for variable: CMAKE_ASM_COMPILER_RANLIB
CMAKE_ASM_COMPILER_RANLIB-ADVANCED:INTERNAL=1
CMAKE_ASM_COMPILER_WORKS:INTERNAL=1
//ADVANCED property for variable: CMAKE_ASM_FLAGS
CMAKE_ASM_FLAGS-ADVANCED:INTERNAL=1
//ADVANCED property for variable: CMAKE_ASM_FLAGS_DEBUG
CMAKE_ASM_FLAGS_DEBUG-ADVANCED:INTERNAL=1
//ADVANCED property for variable: CMAKE_ASM_FLAGS_MINSIZEREL
CMAKE_ASM_FLAGS_MINSIZEREL-ADVANCED:INTERNAL=1
//ADVANCED property for variable: CMAKE_ASM_FLAGS_RELEASE
CMAKE_ASM_FLAGS_RELEASE-ADVANCED:INTERNAL=1
//ADVANCED property for variable: CMAKE_ASM_FLAGS_RELWITHDEBINFO
CMAKE_ASM_FLAGS_RELWITHDEBINFO-ADVANCED:INTERNAL=1
//This is the directory where this CMakeCache.txt was created
CMAKE_CACHEFILE_DIR:INTERNAL=/home/wuy/ShannonBase/cmake_build_asan
//Major version of cmake used to create the current loaded cache
CMAKE_CACHE_MAJOR_VERSION:INTERNAL=4
//Minor version of cmake used to create the current loaded cache
CMAKE_CACHE_MINOR_VERSION:INTERNAL=1
//Patch version of cmake used to create the current loaded cache
CMAKE_CACHE_PATCH_VERSION:INTERNAL=2
//ADVANCED property for variable: CMAKE_COLOR_MAKEFILE
CMAKE_COLOR_MAKEFILE-ADVANCED:INTERNAL=1
//Path to CMake executable.
CMAKE_COMMAND:INTERNAL=/opt/cmake-4.1.2/bin/cmake
//Path to cpack program executable.
CMAKE_CPACK_COMMAND:INTERNAL=/opt/cmake-4.1.2/bin/cpack
//ADVANCED property for variable: CMAKE_CTEST_COMMAND
CMAKE_CTEST_COMMAND-ADVANCED:INTERNAL=1
//Path to ctest program executable.
CMAKE_CTEST_COMMAND:INTERNAL=/opt/cmake-4.1.2/bin/ctest
//ADVANCED property for variable: CMAKE_CXX_COMPILER
CMAKE_CXX_COMPILER-ADVANCED:INTERNAL=1
//ADVANCED property for variable: CMAKE_CXX_COMPILER_AR
CMAKE_CXX_COMPILER_AR-ADVANCED:INTERNAL=1
//ADVANCED property for variable: CMAKE_CXX_COMPILER_RANLIB
CMAKE_CXX_COMPILER_RANLIB-ADVANCED:INTERNAL=1
//ADVANCED property for variable: CMAKE_CXX_FLAGS
CMAKE_CXX_FLAGS-ADVANCED:INTERNAL=1
//ADVANCED property for variable: CMAKE_CXX_FLAGS_DEBUG
CMAKE_CXX_FLAGS_DEBUG-ADVANCED:INTERNAL=1
//ADVANCED property for variable: CMAKE_CXX_FLAGS_MINSIZEREL
CMAKE_CXX_FLAGS_MINSIZEREL-ADVANCED:INTERNAL=1
//ADVANCED property for variable: CMAKE_CXX_FLAGS_RELEASE
CMAKE_CXX_FLAGS_RELEASE-ADVANCED:INTERNAL=1
//ADVANCED property for variable: CMAKE_CXX_FLAGS_RELWITHDEBINFO
CMAKE_CXX_FLAGS_RELWITHDEBINFO-ADVANCED:INTERNAL=1
//ADVANCED property for variable: CMAKE_C_COMPILER
CMAKE_C_COMPILER-ADVANCED:INTERNAL=1
//ADVANCED property for variable: CMAKE_C_COMPILER_AR
CMAKE_C_COMPILER_AR-ADVANCED:INTERNAL=1
//ADVANCED property for variable: CMAKE_C_COMPILER_RANLIB
CMAKE_C_COMPILER_RANLIB-ADVANCED:INTERNAL=1
//ADVANCED property for variable: CMAKE_C_FLAGS
CMAKE_C_FLAGS-ADVANCED:INTERNAL=1
//ADVANCED property for variable: CMAKE_C_FLAGS_DEBUG
CMAKE_C_FLAGS_DEBUG-ADVANCED:INTERNAL=1
//ADVANCED property for variable: CMAKE_C_FLAGS_MINSIZEREL
CMAKE_C_FLAGS_MINSIZEREL-ADVANCED:INTERNAL=1
//ADVANCED property for variable: CMAKE_C_FLAGS_RELEASE
CMAKE_C_FLAGS_RELEASE-ADVANCED:INTERNAL=1
//ADVANCED property for variable: CMAKE_C_FLAGS_RELWITHDEBINFO
CMAKE_C_FLAGS_RELWITHDEBINFO-ADVANCED:INTERNAL=1
//ADVANCED property for variable: CMAKE_DLLTOOL
CMAKE_DLLTOOL-ADVANCED:INTERNAL=1
//Path to cache edit program executable.
CMAKE_EDIT_COMMAND:INTERNAL=/opt/cmake-4.1.2/bin/ccmake
//Executable file format
CMAKE_EXECUTABLE_FORMAT:INTERNAL=ELF
//ADVANCED property for variable: CMAKE_EXE_LINKER_FLAGS
CMAKE_EXE_LINKER_FLAGS-ADVANCED:INTERNAL=1
//ADVANCED property for variable: CMAKE_EXE_LINKER_FLAGS_DEBUG
CMAKE_EXE_LINKER_FLAGS_DEBUG-ADVANCED:INTERNAL=1
//ADVANCED property for variable: CMAKE_EXE_LINKER_FLAGS_MINSIZEREL
CMAKE_EXE_LINKER_FLAGS_MINSIZEREL-ADVANCED:INTERNAL=1
//ADVANCED property for variable: CMAKE_EXE_LINKER_FLAGS_RELEASE
CMAKE_EXE_LINKER_FLAGS_RELEASE-ADVANCED:INTERNAL=1
//ADVANCED property for variable: CMAKE_EXE_LINKER_FLAGS_RELWITHDEBINFO
CMAKE_EXE_LINKER_FLAGS_RELWITHDEBINFO-ADVANCED:INTERNAL=1
//ADVANCED property for variable: CMAKE_EXPORT_COMPILE_COMMANDS
CMAKE_EXPORT_COMPILE_COMMANDS-ADVANCED:INTERNAL=1
//Name of external makefile project generator.
CMAKE_EXTRA_GENERATOR:INTERNAL=
//Name of generator.
CMAKE_GENERATOR:INTERNAL=Unix Makefiles
//Generator instance identifier.
CMAKE_GENERATOR_INSTANCE:INTERNAL=
//Name of generator platform.
CMAKE_GENERATOR_PLATFORM:INTERNAL=
//Name of generator toolset.
CMAKE_GENERATOR_TOOLSET:INTERNAL=
//Test CMAKE_HAVE_LIBC_PTHREAD
CMAKE_HAVE_LIBC_PTHREAD:INTERNAL=1
//Source directory with the top level CMakeLists.txt file for this
// project
CMAKE_HOME_DIRECTORY:INTERNAL=/home/wuy/ShannonBase
//ADVANCED property for variable: CMAKE_INSTALL_BINDIR
CMAKE_INSTALL_BINDIR-ADVANCED:INTERNAL=1
//ADVANCED property for variable: CMAKE_INSTALL_DATADIR
CMAKE_INSTALL_DATADIR-ADVANCED:INTERNAL=1
//ADVANCED property for variable: CMAKE_INSTALL_DATAROOTDIR
CMAKE_INSTALL_DATAROOTDIR-ADVANCED:INTERNAL=1
//ADVANCED property for variable: CMAKE_INSTALL_DOCDIR
CMAKE_INSTALL_DOCDIR-ADVANCED:INTERNAL=1
//ADVANCED property for variable: CMAKE_INSTALL_INCLUDEDIR
CMAKE_INSTALL_INCLUDEDIR-ADVANCED:INTERNAL=1
//ADVANCED property for variable: CMAKE_INSTALL_INFODIR
CMAKE_INSTALL_INFODIR-ADVANCED:INTERNAL=1
//ADVANCED property for variable: CMAKE_INSTALL_LIBDIR
CMAKE_INSTALL_LIBDIR-ADVANCED:INTERNAL=1
//ADVANCED property for variable: CMAKE_INSTALL_LIBEXECDIR
CMAKE_INSTALL_LIBEXECDIR-ADVANCED:INTERNAL=1
//ADVANCED property for variable: CMAKE_INSTALL_LOCALEDIR
CMAKE_INSTALL_LOCALEDIR-ADVANCED:INTERNAL=1
//ADVANCED property for variable: CMAKE_INSTALL_LOCALSTATEDIR
CMAKE_INSTALL_LOCALSTATEDIR-ADVANCED:INTERNAL=1
//ADVANCED property for variable: CMAKE_INSTALL_MANDIR
CMAKE_INSTALL_MANDIR-ADVANCED:INTERNAL=1
//ADVANCED property for variable: CMAKE_INSTALL_OLDINCLUDEDIR
CMAKE_INSTALL_OLDINCLUDEDIR-ADVANCED:INTERNAL=1
//ADVANCED property for variable: CMAKE_INSTALL_RUNSTATEDIR
CMAKE_INSTALL_RUNSTATEDIR-ADVANCED:INTERNAL=1
//ADVANCED property for variable: CMAKE_INSTALL_SBINDIR
CMAKE_INSTALL_SBINDIR-ADVANCED:INTERNAL=1
//ADVANCED property for variable: CMAKE_INSTALL_SHAREDSTATEDIR
CMAKE_INSTALL_SHAREDSTATEDIR-ADVANCED:INTERNAL=1
//Install .so files without execute permission.
CMAKE_INSTALL_SO_NO_EXE:INTERNAL=1
//ADVANCED property for variable: CMAKE_INSTALL_SYSCONFDIR
CMAKE_INSTALL_SYSCONFDIR-ADVANCED:INTERNAL=1
//ADVANCED property for variable: CMAKE_LINKER
CMAKE_LINKER-ADVANCED:INTERNAL=1
//Name of CMakeLists files to read
CMAKE_LIST_FILE_NAME:INTERNAL=CMakeLists.txt
//ADVANCED property for variable: CMAKE_MAKE_PROGRAM
CMAKE_MAKE_PROGRAM-ADVANCED:INTERNAL=1
//ADVANCED property for variable: CMAKE_MODULE_LINKER_FLAGS
CMAKE_MODULE_LINKER_FLAGS-ADVANCED:INTERNAL=1
//ADVANCED property for variable: CMAKE_MODULE_LINKER_FLAGS_DEBUG
CMAKE_MODULE_LINKER_FLAGS_DEBUG-ADVANCED:INTERNAL=1
//ADVANCED property for variable: CMAKE_MODULE_LINKER_FLAGS_MINSIZEREL
CMAKE_MODULE_LINKER_FLAGS_MINSIZEREL-ADVANCED:INTERNAL=1
//ADVANCED property for variable: CMAKE_MODULE_LINKER_FLAGS_RELEASE
CMAKE_MODULE_LINKER_FLAGS_RELEASE-ADVANCED:INTERNAL=1
//ADVANCED property for variable: CMAKE_MODULE_LINKER_FLAGS_RELWITHDEBINFO
CMAKE_MODULE_LINKER_FLAGS_RELWITHDEBINFO-ADVANCED:INTERNAL=1
//ADVANCED property for variable: CMAKE_NM
CMAKE_NM-ADVANCED:INTERNAL=1
//number of local generators
CMAKE_NUMBER_OF_MAKEFILES:INTERNAL=201
//ADVANCED property for variable: CMAKE_OBJCOPY
CMAKE_OBJCOPY-ADVANCED:INTERNAL=1
//ADVANCED property for variable: CMAKE_OBJDUMP
CMAKE_OBJDUMP-ADVANCED:INTERNAL=1
//Platform information initialized
CMAKE_PLATFORM_INFO_INITIALIZED:INTERNAL=1
//ADVANCED property for variable: CMAKE_RANLIB
CMAKE_RANLIB-ADVANCED:INTERNAL=1
//ADVANCED property for variable: CMAKE_READELF
CMAKE_READELF-ADVANCED:INTERNAL=1
//Path to CMake installation.
CMAKE_ROOT:INTERNAL=/opt/cmake-4.1.2/share/cmake-4.1
//ADVANCED property for variable: CMAKE_SHARED_LINKER_FLAGS
CMAKE_SHARED_LINKER_FLAGS-ADVANCED:INTERNAL=1
//ADVANCED property for variable: CMAKE_SHARED_LINKER_FLAGS_DEBUG
CMAKE_SHARED_LINKER_FLAGS_DEBUG-ADVANCED:INTERNAL=1
//ADVANCED property for variable: CMAKE_SHARED_LINKER_FLAGS_MINSIZEREL
CMAKE_SHARED_LINKER_FLAGS_MINSIZEREL-ADVANCED:INTERNAL=1
//ADVANCED property for variable: CMAKE_SHARED_LINKER_FLAGS_RELEASE
CMAKE_SHARED_LINKER_FLAGS_RELEASE-ADVANCED:INTERNAL=1
//ADVANCED property for variable: CMAKE_SHARED_LINKER_FLAGS_RELWITHDEBINFO
CMAKE_SHARED_LINKER_FLAGS_RELWITHDEBINFO-ADVANCED:INTERNAL=1
//ADVANCED property for variable: CMAKE_SKIP_INSTALL_RPATH
CMAKE_SKIP_INSTALL_RPATH-ADVANCED:INTERNAL=1
//ADVANCED property for variable: CMAKE_SKIP_RPATH
CMAKE_SKIP_RPATH-ADVANCED:INTERNAL=1
//ADVANCED property for variable: CMAKE_STATIC_LINKER_FLAGS
CMAKE_STATIC_LINKER_FLAGS-ADVANCED:INTERNAL=1
//ADVANCED property for variable: CMAKE_STATIC_LINKER_FLAGS_DEBUG
CMAKE_STATIC_LINKER_FLAGS_DEBUG-ADVANCED:INTERNAL=1
//ADVANCED property for variable: CMAKE_STATIC_LINKER_FLAGS_MINSIZEREL
CMAKE_STATIC_LINKER_FLAGS_MINSIZEREL-ADVANCED:INTERNAL=1
//ADVANCED property for variable: CMAKE_STATIC_LINKER_FLAGS_RELEASE
CMAKE_STATIC_LINKER_FLAGS_RELEASE-ADVANCED:INTERNAL=1
//ADVANCED property for variable: CMAKE_STATIC_LINKER_FLAGS_RELWITHDEBINFO
CMAKE_STATIC_LINKER_FLAGS_RELWITHDEBINFO-ADVANCED:INTERNAL=1
//ADVANCED property for variable: CMAKE_STRIP
CMAKE_STRIP-ADVANCED:INTERNAL=1
//ADVANCED property for variable: CMAKE_TAPI
CMAKE_TAPI-ADVANCED:INTERNAL=1
//uname command
CMAKE_UNAME:INTERNAL=/usr/bin/uname
//ADVANCED property for variable: CMAKE_VERBOSE_MAKEFILE
CMAKE_VERBOSE_MAKEFILE-ADVANCED:INTERNAL=1
//Compiler support for a deprecated attribute
COMPILER_HAS_DEPRECATED:INTERNAL=1
//Test COMPILER_HAS_DEPRECATED_ATTR
COMPILER_HAS_DEPRECATED_ATTR:INTERNAL=1
//Test COMPILER_HAS_HIDDEN_INLINE_VISIBILITY
COMPILER_HAS_HIDDEN_INLINE_VISIBILITY:INTERNAL=1
//Test COMPILER_HAS_HIDDEN_VISIBILITY
COMPILER_HAS_HIDDEN_VISIBILITY:INTERNAL=1
//Use -fvisibility=hidden for components
COMPONENT_COMPILE_VISIBILITY:INTERNAL=-fvisibility=hidden
//ADVANCED property for variable: COVERAGE_COMMAND
COVERAGE_COMMAND-ADVANCED:INTERNAL=1
//ADVANCED property for variable: COVERAGE_EXTRA_FLAGS
COVERAGE_EXTRA_FLAGS-ADVANCED:INTERNAL=1
//ADVANCED property for variable: CPACK_BINARY_DEB
CPACK_BINARY_DEB-ADVANCED:INTERNAL=1
//ADVANCED property for variable: CPACK_BINARY_FREEBSD
CPACK_BINARY_FREEBSD-ADVANCED:INTERNAL=1
//ADVANCED property for variable: CPACK_BINARY_IFW
CPACK_BINARY_IFW-ADVANCED:INTERNAL=1
//ADVANCED property for variable: CPACK_BINARY_NSIS
CPACK_BINARY_NSIS-ADVANCED:INTERNAL=1
//ADVANCED property for variable: CPACK_BINARY_RPM
CPACK_BINARY_RPM-ADVANCED:INTERNAL=1
//ADVANCED property for variable: CPACK_BINARY_STGZ
CPACK_BINARY_STGZ-ADVANCED:INTERNAL=1
//ADVANCED property for variable: CPACK_BINARY_TBZ2
CPACK_BINARY_TBZ2-ADVANCED:INTERNAL=1
//ADVANCED property for variable: CPACK_BINARY_TGZ
CPACK_BINARY_TGZ-ADVANCED:INTERNAL=1
//ADVANCED property for variable: CPACK_BINARY_TXZ
CPACK_BINARY_TXZ-ADVANCED:INTERNAL=1
//ADVANCED property for variable: CPACK_BINARY_TZ
CPACK_BINARY_TZ-ADVANCED:INTERNAL=1
//ADVANCED property for variable: CTEST_SUBMIT_RETRY_COUNT
CTEST_SUBMIT_RETRY_COUNT-ADVANCED:INTERNAL=1
//ADVANCED property for variable: CTEST_SUBMIT_RETRY_DELAY
CTEST_SUBMIT_RETRY_DELAY-ADVANCED:INTERNAL=1
//ADVANCED property for variable: CURSES_CURSES_LIBRARY
CURSES_CURSES_LIBRARY-ADVANCED:INTERNAL=1
//ADVANCED property for variable: CURSES_FORM_LIBRARY
CURSES_FORM_LIBRARY-ADVANCED:INTERNAL=1
//ADVANCED property for variable: CURSES_INCLUDE_PATH
CURSES_INCLUDE_PATH-ADVANCED:INTERNAL=1
//ADVANCED property for variable: CURSES_NCURSES_LIBRARY
CURSES_NCURSES_LIBRARY-ADVANCED:INTERNAL=1
//Test CXX_RESULT
CXX_RESULT:INTERNAL=1
//Test C_RESULT
C_RESULT:INTERNAL=1
//ADVANCED property for variable: DART_TESTING_TIMEOUT
DART_TESTING_TIMEOUT-ADVANCED:INTERNAL=1
//Directory of debug build
DEBUGBUILDDIR:INTERNAL=/home/wuy/ShannonBase/debug
//ADVANCED property for variable: DEBUG_EXTNAME
DEBUG_EXTNAME-ADVANCED:INTERNAL=1
//default --partial-revokes
DEFAULT_PARTIAL_REVOKES:INTERNAL=0
//default --secure-file-priv directory
DEFAULT_SECURE_FILE_PRIV_DIR:INTERNAL="NULL"
//ADVANCED property for variable: DISABLE_PSI_COND
DISABLE_PSI_COND-ADVANCED:INTERNAL=1
//ADVANCED property for variable: DISABLE_PSI_DATA_LOCK
DISABLE_PSI_DATA_LOCK-ADVANCED:INTERNAL=1
//ADVANCED property for variable: DISABLE_PSI_ERROR
DISABLE_PSI_ERROR-ADVANCED:INTERNAL=1
//ADVANCED property for variable: DISABLE_PSI_FILE
DISABLE_PSI_FILE-ADVANCED:INTERNAL=1
//ADVANCED property for variable: DISABLE_PSI_IDLE
DISABLE_PSI_IDLE-ADVANCED:INTERNAL=1
//ADVANCED property for variable: DISABLE_PSI_MEMORY
DISABLE_PSI_MEMORY-ADVANCED:INTERNAL=1
//ADVANCED property for variable: DISABLE_PSI_METADATA
DISABLE_PSI_METADATA-ADVANCED:INTERNAL=1
//ADVANCED property for variable: DISABLE_PSI_METRICS
DISABLE_PSI_METRICS-ADVANCED:INTERNAL=1
//ADVANCED property for variable: DISABLE_PSI_MUTEX
DISABLE_PSI_MUTEX-ADVANCED:INTERNAL=1
//ADVANCED property for variable: DISABLE_PSI_PS
DISABLE_PSI_PS-ADVANCED:INTERNAL=1
//ADVANCED property for variable: DISABLE_PSI_RWLOCK
DISABLE_PSI_RWLOCK-ADVANCED:INTERNAL=1
//ADVANCED property for variable: DISABLE_PSI_SERVER_TELEMETRY_TRACES
DISABLE_PSI_SERVER_TELEMETRY_TRACES-ADVANCED:INTERNAL=1
//ADVANCED property for variable: DISABLE_PSI_SOCKET
DISABLE_PSI_SOCKET-ADVANCED:INTERNAL=1
//ADVANCED property for variable: DISABLE_PSI_SP
DISABLE_PSI_SP-ADVANCED:INTERNAL=1
//ADVANCED property for variable: DISABLE_PSI_STAGE
DISABLE_PSI_STAGE-ADVANCED:INTERNAL=1
//ADVANCED property for variable: DISABLE_PSI_STATEMENT
DISABLE_PSI_STATEMENT-ADVANCED:INTERNAL=1
//ADVANCED property for variable: DISABLE_PSI_STATEMENT_DIGEST
DISABLE_PSI_STATEMENT_DIGEST-ADVANCED:INTERNAL=1
//ADVANCED property for variable: DISABLE_PSI_TABLE
DISABLE_PSI_TABLE-ADVANCED:INTERNAL=1
//ADVANCED property for variable: DISABLE_PSI_THREAD
DISABLE_PSI_THREAD-ADVANCED:INTERNAL=1
//ADVANCED property for variable: DISABLE_PSI_TLS_CHANNEL
DISABLE_PSI_TLS_CHANNEL-ADVANCED:INTERNAL=1
//ADVANCED property for variable: DISABLE_PSI_TRANSACTION
DISABLE_PSI_TRANSACTION-ADVANCED:INTERNAL=1
//ADVANCED property for variable: DOXYGEN_DOT_EXECUTABLE
DOXYGEN_DOT_EXECUTABLE-ADVANCED:INTERNAL=1
//ADVANCED property for variable: DOXYGEN_EXECUTABLE
DOXYGEN_EXECUTABLE-ADVANCED:INTERNAL=1
EDITLINE_HAVE_COMPLETION_CHAR:INTERNAL=1
//ADVANCED property for variable: ENABLED_LOCAL_INFILE
ENABLED_LOCAL_INFILE-ADVANCED:INTERNAL=1
//Details about finding BISON
FIND_PACKAGE_MESSAGE_DETAILS_BISON:INTERNAL=[/usr/bin/bison][v3.7.6()]
//Details about finding Curses
FIND_PACKAGE_MESSAGE_DETAILS_Curses:INTERNAL=[/usr/lib/x86_64-linux-gnu/libcurses.so][/usr/include][v()]
//Details about finding Git
FIND_PACKAGE_MESSAGE_DETAILS_Git:INTERNAL=[/usr/bin/git][v2.32.0()]
//Details about finding OpenMP
FIND_PACKAGE_MESSAGE_DETAILS_OpenMP:INTERNAL=[TRUE][TRUE][ ][v4.5()]
//Details about finding OpenMP_C
FIND_PACKAGE_MESSAGE_DETAILS_OpenMP_C:INTERNAL=[-fopenmp][/usr/lib/gcc/x86_64-linux-gnu/11/libgomp.so][/usr/lib/x86_64-linux-gnu/libpthread.a][v4.5()]
//Details about finding OpenMP_CXX
FIND_PACKAGE_MESSAGE_DETAILS_OpenMP_CXX:INTERNAL=[-fopenmp][/usr/lib/gcc/x86_64-linux-gnu/11/libgomp.so][/usr/lib/x86_64-linux-gnu/libpthread.a][v4.5()]
//Details about finding OpenSSL
FIND_PACKAGE_MESSAGE_DETAILS_OpenSSL:INTERNAL=[/usr/lib/x86_64-linux-gnu/libcrypto.so][/usr/include][ ][v1.1.1l()]
//Details about finding PkgConfig
FIND_PACKAGE_MESSAGE_DETAILS_PkgConfig:INTERNAL=[/usr/bin/pkg-config][v0.29.2()]
//Details about finding Threads
FIND_PACKAGE_MESSAGE_DETAILS_Threads:INTERNAL=[TRUE][v()]
//Have symbol FIONREAD
FIONREAD_IN_SYS_FILIO:INTERNAL=
//Have symbol FIONREAD
FIONREAD_IN_SYS_IOCTL:INTERNAL=1
//ADVANCED property for variable: FORCE_UNSUPPORTED_COMPILER
FORCE_UNSUPPORTED_COMPILER-ADVANCED:INTERNAL=1
//ADVANCED property for variable: GETCONF
GETCONF-ADVANCED:INTERNAL=1
//ADVANCED property for variable: GIT_EXECUTABLE
GIT_EXECUTABLE-ADVANCED:INTERNAL=1
//ADVANCED property for variable: GTAR_EXECUTABLE
GTAR_EXECUTABLE-ADVANCED:INTERNAL=1
//Have symbol TIOCGWINSZ
GWINSZ_IN_SYS_IOCTL:INTERNAL=1
//Test HAS_DEPRECATED_NON_PROTOTYPE
HAS_DEPRECATED_NON_PROTOTYPE:INTERNAL=
//Test HAS_INCOMPATIBLE_POINTER_TYPES
HAS_INCOMPATIBLE_POINTER_TYPES:INTERNAL=1
//Test HAVE_ABI_CXA_DEMANGLE
HAVE_ABI_CXA_DEMANGLE:INTERNAL=1
//Test HAVE_ADDRESS
HAVE_ADDRESS:INTERNAL=1
//Have function _aligned_malloc
HAVE_ALIGNED_MALLOC:INTERNAL=
//Have include alloca.h
HAVE_ALLOCA_H:INTERNAL=1
//Have include arpa/inet.h
HAVE_ARPA_INET_H:INTERNAL=1
//Have includes atomic.h
HAVE_ATOMIC_H:INTERNAL=
//Have function atomic_swap_32
HAVE_ATOMIC_SWAP_32:INTERNAL=
//Have function backtrace
HAVE_BACKTRACE:INTERNAL=1
//Test HAVE_BUILTIN_EXPECT
HAVE_BUILTIN_EXPECT:INTERNAL=1
//Have symbol __builtin_stpcpy
HAVE_BUILTIN_STPCPY:INTERNAL=1
//Test HAVE_BUILTIN_UNREACHABLE
HAVE_BUILTIN_UNREACHABLE:INTERNAL=1
//Have symbol bzero
HAVE_BZERO:INTERNAL=1
//Have function chown
HAVE_CHOWN:INTERNAL=1
//Test HAVE_CLOCK_GETTIME
HAVE_CLOCK_GETTIME:INTERNAL=
//Result of TRY_COMPILE
HAVE_CLOCK_GETTIME_COMPILED:INTERNAL=TRUE
//Result of try_run()
HAVE_CLOCK_GETTIME_EXITCODE:INTERNAL=FAILED_TO_RUN
//Test HAVE_CLOCK_REALTIME
HAVE_CLOCK_REALTIME:INTERNAL=
//Result of TRY_COMPILE
HAVE_CLOCK_REALTIME_COMPILED:INTERNAL=TRUE
//Result of try_run()
HAVE_CLOCK_REALTIME_EXITCODE:INTERNAL=FAILED_TO_RUN
//Have function cpuset_setaffinity
HAVE_CPUSET_SETAFFINITY:INTERNAL=
HAVE_CURSES_H:INTERNAL=1
//Have function cuserid
HAVE_CUSERID:INTERNAL=1
//Have include cxxabi.h
HAVE_CXXABI_H:INTERNAL=1
//Test HAVE_CXX_FLOATING_POINT_FUSED_MADD
HAVE_CXX_FLOATING_POINT_FUSED_MADD:INTERNAL=
//Result of TRY_COMPILE
HAVE_CXX_FLOATING_POINT_FUSED_MADD_COMPILED:INTERNAL=TRUE
//Result of try_run()
HAVE_CXX_FLOATING_POINT_FUSED_MADD_EXITCODE:INTERNAL=1
//Test HAVE_CXX_W_address
HAVE_CXX_W_address:INTERNAL=1
//Test HAVE_CXX_W_array_bounds
HAVE_CXX_W_array_bounds:INTERNAL=1
//Test HAVE_CXX_W_array_compare
HAVE_CXX_W_array_compare:INTERNAL=
//Test HAVE_CXX_W_attributes
HAVE_CXX_W_attributes:INTERNAL=1
//Test HAVE_CXX_W_cast_function_type
HAVE_CXX_W_cast_function_type:INTERNAL=1
//Test HAVE_CXX_W_char_subscripts
HAVE_CXX_W_char_subscripts:INTERNAL=1
//Test HAVE_CXX_W_dangling_pointer
HAVE_CXX_W_dangling_pointer:INTERNAL=
//Test HAVE_CXX_W_deprecated
HAVE_CXX_W_deprecated:INTERNAL=1
//Test HAVE_CXX_W_deprecated_copy
HAVE_CXX_W_deprecated_copy:INTERNAL=1
//Test HAVE_CXX_W_deprecated_enum_enum_conversion
HAVE_CXX_W_deprecated_enum_enum_conversion:INTERNAL=1
//Test HAVE_CXX_W_documentation
HAVE_CXX_W_documentation:INTERNAL=
//Test HAVE_CXX_W_error_maybe_uninitialized
HAVE_CXX_W_error_maybe_uninitialized:INTERNAL=1
//Test HAVE_CXX_W_extra_semi
HAVE_CXX_W_extra_semi:INTERNAL=1
//Test HAVE_CXX_W_format_overflow
HAVE_CXX_W_format_overflow:INTERNAL=1
//Test HAVE_CXX_W_ignored_attributes
HAVE_CXX_W_ignored_attributes:INTERNAL=1
//Test HAVE_CXX_W_implicit_fallthrough_5
HAVE_CXX_W_implicit_fallthrough_5:INTERNAL=1
//Test HAVE_CXX_W_implicit_int_float_conversion
HAVE_CXX_W_implicit_int_float_conversion:INTERNAL=
//Test HAVE_CXX_W_logical_op
HAVE_CXX_W_logical_op:INTERNAL=1
//Test HAVE_CXX_W_maybe_uninitialized
HAVE_CXX_W_maybe_uninitialized:INTERNAL=1
//Test HAVE_CXX_W_misleading_indentation
HAVE_CXX_W_misleading_indentation:INTERNAL=1
//Test HAVE_CXX_W_missing_include_dirs
HAVE_CXX_W_missing_include_dirs:INTERNAL=1
//Test HAVE_CXX_W_missing_profile
HAVE_CXX_W_missing_profile:INTERNAL=1
//Test HAVE_CXX_W_restrict
HAVE_CXX_W_restrict:INTERNAL=1
//Test HAVE_CXX_W_return_local_addr
HAVE_CXX_W_return_local_addr:INTERNAL=1
//Test HAVE_CXX_W_shadow_field
HAVE_CXX_W_shadow_field:INTERNAL=
//Test HAVE_CXX_W_stringop_overflow
HAVE_CXX_W_stringop_overflow:INTERNAL=1
//Test HAVE_CXX_W_stringop_truncation
HAVE_CXX_W_stringop_truncation:INTERNAL=1
//Test HAVE_CXX_W_suggest_override
HAVE_CXX_W_suggest_override:INTERNAL=1
//Test HAVE_CXX_W_uninitialized
HAVE_CXX_W_uninitialized:INTERNAL=1
//Test HAVE_CXX_W_unused_but_set_parameter
HAVE_CXX_W_unused_but_set_parameter:INTERNAL=1
//Test HAVE_CXX_W_unused_but_set_variable
HAVE_CXX_W_unused_but_set_variable:INTERNAL=1
//Test HAVE_CXX_W_unused_const_variable
HAVE_CXX_W_unused_const_variable:INTERNAL=1
//Test HAVE_CXX_W_unused_lambda_capture
HAVE_CXX_W_unused_lambda_capture:INTERNAL=
//Test HAVE_CXX_W_unused_variable
HAVE_CXX_W_unused_variable:INTERNAL=1
//Test HAVE_CXX_W_zero_as_null_pointer_constant
HAVE_CXX_W_zero_as_null_pointer_constant:INTERNAL=1
//Test HAVE_C_FLOATING_POINT_FUSED_MADD
HAVE_C_FLOATING_POINT_FUSED_MADD:INTERNAL=
//Result of TRY_COMPILE
HAVE_C_FLOATING_POINT_FUSED_MADD_COMPILED:INTERNAL=TRUE
//Result of try_run()
HAVE_C_FLOATING_POINT_FUSED_MADD_EXITCODE:INTERNAL=1
//Have symbol fdatasync
HAVE_DECL_FDATASYNC:INTERNAL=1
//Have function directio
HAVE_DIRECTIO:INTERNAL=
//Have include dlfcn.h
HAVE_DLFCN_H:INTERNAL=1
//Have include endian.h
HAVE_ENDIAN_H:INTERNAL=1
//Have function epoll_create
HAVE_EPOLL:INTERNAL=1
//Have function epoll_create
HAVE_EPOLL_CREATE:INTERNAL=1
//Have symbol EVFILT_TIMER
HAVE_EVFILT_TIMER:INTERNAL=
//Have include execinfo.h
HAVE_EXECINFO_H:INTERNAL=1
//Have symbol explicit_bzero
HAVE_EXPLICIT_BZERO:INTERNAL=1
//Test HAVE_FAKE_PAUSE_INSTRUCTION
HAVE_FAKE_PAUSE_INSTRUCTION:INTERNAL=1
//Test HAVE_FALLOC_FL_ZERO_RANGE
HAVE_FALLOC_FL_ZERO_RANGE:INTERNAL=1
//Test HAVE_FALLOC_PUNCH_HOLE_AND_KEEP_SIZE
HAVE_FALLOC_PUNCH_HOLE_AND_KEEP_SIZE:INTERNAL=
//Result of TRY_COMPILE
HAVE_FALLOC_PUNCH_HOLE_AND_KEEP_SIZE_COMPILED:INTERNAL=TRUE
//Result of try_run()
HAVE_FALLOC_PUNCH_HOLE_AND_KEEP_SIZE_EXITCODE:INTERNAL=FAILED_TO_RUN
//Have function fchmod
HAVE_FCHMOD:INTERNAL=1
//Have function fcntl
HAVE_FCNTL:INTERNAL=1
//Have symbol O_NONBLOCK
HAVE_FCNTL_NONBLOCK:INTERNAL=1
//Have function fdatasync
HAVE_FDATASYNC:INTERNAL=1
//Have function fedisableexcept
HAVE_FEDISABLEEXCEPT:INTERNAL=1
//Have symbol ffs
HAVE_FFS:INTERNAL=1
//Have include fnmatch.h
HAVE_FNMATCH_H:INTERNAL=1
//Have include fpu_control.h
HAVE_FPU_CONTROL_H:INTERNAL=1
//Have function fseeko
HAVE_FSEEKO:INTERNAL=1
//Have function fsync
HAVE_FSYNC:INTERNAL=1
//Have function ftruncate
HAVE_FTRUNCATE:INTERNAL=1
//Test HAVE_GCC_SYNC_BUILTINS
HAVE_GCC_SYNC_BUILTINS:INTERNAL=1
//Have function getegid
HAVE_GETEGID:INTERNAL=1
//Have function geteuid
HAVE_GETEUID:INTERNAL=1
//Have function getgid
HAVE_GETGID:INTERNAL=1
//Have function gethrtime
HAVE_GETHRTIME:INTERNAL=
//Have function getline
HAVE_GETLINE:INTERNAL=1
//Have function getpass
HAVE_GETPASS:INTERNAL=1
//Have function getpassphrase
HAVE_GETPASSPHRASE:INTERNAL=
//Have function getpwnam
HAVE_GETPWNAM:INTERNAL=1
//Have function getpwuid
HAVE_GETPWUID:INTERNAL=1
//Test HAVE_GETPW_R_DRAFT
HAVE_GETPW_R_DRAFT:INTERNAL=
//Test HAVE_GETPW_R_POSIX
HAVE_GETPW_R_POSIX:INTERNAL=1
//Have function getrlimit
HAVE_GETRLIMIT:INTERNAL=1
//Have function getrusage
HAVE_GETRUSAGE:INTERNAL=1
//Have function gettimeofday
HAVE_GETTIMEOFDAY:INTERNAL=1
//Have function getuid
HAVE_GETUID:INTERNAL=1
//Have include grp.h
HAVE_GRP_H:INTERNAL=1
//Test HAVE_HMT_PRIORITY_INSTRUCTION
HAVE_HMT_PRIORITY_INSTRUCTION:INTERNAL=
//Have symbol htole16
HAVE_HTOLE16:INTERNAL=1
//Have symbol htole32
HAVE_HTOLE32:INTERNAL=1
//Have symbol htole64
HAVE_HTOLE64:INTERNAL=1
//Have function ntohll
HAVE_HTONLL:INTERNAL=
//Test HAVE_IB_GCC_ATOMIC_THREAD_FENCE
HAVE_IB_GCC_ATOMIC_THREAD_FENCE:INTERNAL=
//Result of TRY_COMPILE
HAVE_IB_GCC_ATOMIC_THREAD_FENCE_COMPILED:INTERNAL=TRUE
//Result of try_run()
HAVE_IB_GCC_ATOMIC_THREAD_FENCE_EXITCODE:INTERNAL=FAILED_TO_RUN
//Test HAVE_IB_GCC_SYNC_SYNCHRONISE
HAVE_IB_GCC_SYNC_SYNCHRONISE:INTERNAL=
//Result of TRY_COMPILE
HAVE_IB_GCC_SYNC_SYNCHRONISE_COMPILED:INTERNAL=TRUE
//Result of try_run()
HAVE_IB_GCC_SYNC_SYNCHRONISE_EXITCODE:INTERNAL=FAILED_TO_RUN
//Test HAVE_IB_LINUX_FUTEX
HAVE_IB_LINUX_FUTEX:INTERNAL=
//Result of TRY_COMPILE
HAVE_IB_LINUX_FUTEX_COMPILED:INTERNAL=TRUE
//Result of try_run()
HAVE_IB_LINUX_FUTEX_EXITCODE:INTERNAL=FAILED_TO_RUN
//Have function index
HAVE_INDEX:INTERNAL=1
//Have function initgroups
HAVE_INITGROUPS:INTERNAL=1
//Test HAVE_INTEGER_PTHREAD_SELF
HAVE_INTEGER_PTHREAD_SELF:INTERNAL=1
//Have function issetugid
HAVE_ISSETUGID:INTERNAL=
//Have function kqueue
HAVE_KQUEUE:INTERNAL=
//Test HAVE_LANGINFO_CODESET
HAVE_LANGINFO_CODESET:INTERNAL=1
//Have include langinfo.h
HAVE_LANGINFO_H:INTERNAL=1
//Have include lber.h
HAVE_LBER_H:INTERNAL=1
//Have include ldap.h
HAVE_LDAP_H:INTERNAL=1
//Have symbol le16toh
HAVE_LE16TOH:INTERNAL=1
//Have symbol le32toh
HAVE_LE32TOH:INTERNAL=1
//Have symbol le64toh
HAVE_LE64TOH:INTERNAL=1
//Have library aio
HAVE_LIBAIO:INTERNAL=
//Have includes libaio.h
HAVE_LIBAIO_H:INTERNAL=
//Test HAVE_LIBNUMA
HAVE_LIBNUMA:INTERNAL=1
//Test HAVE_LINUX_FUTEX
HAVE_LINUX_FUTEX:INTERNAL=1
//Have symbol SHM_HUGETLB
HAVE_LINUX_LARGE_PAGES:INTERNAL=1
//Test HAVE_LINUX_SCHEDULING
HAVE_LINUX_SCHEDULING:INTERNAL=1
//Have symbol lrand48
HAVE_LRAND48:INTERNAL=1
//Have symbol __lsan_do_recoverable_leak_check
HAVE_LSAN_DO_RECOVERABLE_LEAK_CHECK:INTERNAL=1
//Test HAVE_MAC_OS_X_THREAD_INFO
HAVE_MAC_OS_X_THREAD_INFO:INTERNAL=
//Have function madvise
HAVE_MADVISE:INTERNAL=1
//Have symbol MADV_DONTDUMP
HAVE_MADV_DONTDUMP:INTERNAL=1
//Have include malloc.h
HAVE_MALLOC_H:INTERNAL=1
//Have function malloc_info
HAVE_MALLOC_INFO:INTERNAL=1
//Have function memalign
HAVE_MEMALIGN:INTERNAL=1
//Have symbol memset_s
HAVE_MEMSET_S:INTERNAL=
//Have function mlock
HAVE_MLOCK:INTERNAL=1
//Have function mlockall
HAVE_MLOCKALL:INTERNAL=1
//Have function mmap64
HAVE_MMAP64:INTERNAL=1
//Have library m
HAVE_M_LIB:INTERNAL=1
//Have function nanosleep
HAVE_NANOSLEEP:INTERNAL=1
//Have include ncursesw/curses.h
HAVE_NCURSESW_CURSES_H:INTERNAL=1
//Have includes ncursesw.h
HAVE_NCURSESW_H:INTERNAL=
//Have includes ncurses/curses.h
HAVE_NCURSES_CURSES_H:INTERNAL=
//Have include ncurses.h
HAVE_NCURSES_H:INTERNAL=1
//Result of TRY_COMPILE
HAVE_NDB_SIZEOF_CHAR:INTERNAL=TRUE
//Result of TRY_COMPILE
HAVE_NDB_SIZEOF_CHARP:INTERNAL=TRUE
//Result of TRY_COMPILE
HAVE_NDB_SIZEOF_INT:INTERNAL=TRUE
//Result of TRY_COMPILE
HAVE_NDB_SIZEOF_LONG:INTERNAL=TRUE
//Result of TRY_COMPILE
HAVE_NDB_SIZEOF_LONG_LONG:INTERNAL=TRUE
//Result of TRY_COMPILE
HAVE_NDB_SIZEOF_SHORT:INTERNAL=TRUE
//Have include netinet/in6.h
HAVE_NETINET_IN6_H:INTERNAL=
//Have include netinet/in.h
HAVE_NETINET_IN_H:INTERNAL=1
//Have function nl_langinfo
HAVE_NL_LANGINFO:INTERNAL=1
//Test HAVE_NO_BUILTIN_MEMCMP
HAVE_NO_BUILTIN_MEMCMP:INTERNAL=1
//Have include numaif.h
HAVE_NUMAIF_H:INTERNAL=1
//Have include numa.h
HAVE_NUMA_H:INTERNAL=1
//Result of TRY_COMPILE
HAVE_OFF64_T:INTERNAL=TRUE
//Test HAVE_O_TMPFILE
HAVE_O_TMPFILE:INTERNAL=1
//Test HAVE_PAUSE_INSTRUCTION
HAVE_PAUSE_INSTRUCTION:INTERNAL=
//Result of TRY_COMPILE
HAVE_PAUSE_INSTRUCTION_COMPILED:INTERNAL=TRUE
//Result of try_run()
HAVE_PAUSE_INSTRUCTION_EXITCODE:INTERNAL=FAILED_TO_RUN
//Test HAVE_PEERCRED
HAVE_PEERCRED:INTERNAL=1
//Test HAVE_POINTER_SIGN
HAVE_POINTER_SIGN:INTERNAL=1
//Have function poll
HAVE_POLL:INTERNAL=1
//Have include poll.h
HAVE_POLL_H:INTERNAL=1
//Have function posix_fallocate
HAVE_POSIX_FALLOCATE:INTERNAL=1
//Have function posix_memalign
HAVE_POSIX_MEMALIGN:INTERNAL=1
//Have POSIX timer-related functions
HAVE_POSIX_TIMERS:INTERNAL=1
//Have function priocntl
HAVE_PRIOCNTL:INTERNAL=
//Have function processor_affinity
HAVE_PROCESSOR_AFFINITY:INTERNAL=
//Have function processor_bind
HAVE_PROCESSOR_BIND:INTERNAL=
//Have includes Processthreadsapi.h
HAVE_PROCESSTHREADSAPI_H:INTERNAL=
//Have includes Processtopologyapi.h
HAVE_PROCESSTOPOLOGYAPI_H:INTERNAL=
//Have function pthread_condattr_setclock
HAVE_PTHREAD_CONDATTR_SETCLOCK:INTERNAL=1
//Have function pthread_getaffinity_np
HAVE_PTHREAD_GETAFFINITY_NP:INTERNAL=1
//Test HAVE_PTHREAD_GETTHREADID_NP
HAVE_PTHREAD_GETTHREADID_NP:INTERNAL=
//Have function pthread_mutexattr_init
HAVE_PTHREAD_MUTEXATTR_INIT:INTERNAL=1
//Have function pthread_mutexattr_setpshared
HAVE_PTHREAD_MUTEXATTR_SETPSHARED:INTERNAL=1
//Have function pthread_mutexattr_settype
HAVE_PTHREAD_MUTEXATTR_SETTYPE:INTERNAL=1
//Have function pthread_self
HAVE_PTHREAD_SELF:INTERNAL=1
//Test HAVE_PTHREAD_SETNAME_NP
HAVE_PTHREAD_SETNAME_NP:INTERNAL=1
//Test HAVE_PTHREAD_SETNAME_NP_LINUX
HAVE_PTHREAD_SETNAME_NP_LINUX:INTERNAL=1
//Test HAVE_PTHREAD_SETNAME_NP_MACOS
HAVE_PTHREAD_SETNAME_NP_MACOS:INTERNAL=
//Have function pthread_setschedparam
HAVE_PTHREAD_SETSCHEDPARAM:INTERNAL=1
//Have function pthread_sigmask
HAVE_PTHREAD_SIGMASK:INTERNAL=1
//Test HAVE_PTHREAD_THREADID_NP
HAVE_PTHREAD_THREADID_NP:INTERNAL=
//Have include pwd.h
HAVE_PWD_H:INTERNAL=1
//Test HAVE_RPC_INLINE_T
HAVE_RPC_INLINE_T:INTERNAL=1
//Test HAVE_SANITIZE_SCOPE
HAVE_SANITIZE_SCOPE:INTERNAL=1
//Have includes sys/types.h;sasl/sasl.h
HAVE_SASL_SASL_H:INTERNAL=
//Have function sched_getcpu
HAVE_SCHED_GETCPU:INTERNAL=1
//Have function sched_get_priority_max
HAVE_SCHED_GET_PRIORITY_MAX:INTERNAL=1
//Have function sched_get_priority_min
HAVE_SCHED_GET_PRIORITY_MIN:INTERNAL=1
//Have function sched_setaffinity
HAVE_SCHED_SETAFFINITY:INTERNAL=1
//Have function sched_setscheduler
HAVE_SCHED_SETSCHEDULER:INTERNAL=1
//Have function secure_getenv
HAVE_SECURE_GETENV:INTERNAL=1
//Test HAVE_SETNS
HAVE_SETNS:INTERNAL=
//Result of TRY_COMPILE
HAVE_SETNS_COMPILED:INTERNAL=TRUE
//Result of try_run()
HAVE_SETNS_EXITCODE:INTERNAL=FAILED_TO_RUN
//Have function setpriority
HAVE_SETPRIORITY:INTERNAL=1
//Result of TRY_COMPILE
HAVE_SIZEOF_CHARP:INTERNAL=TRUE
//Result of TRY_COMPILE
HAVE_SIZEOF_INT:INTERNAL=TRUE
//Result of TRY_COMPILE
HAVE_SIZEOF_LONG:INTERNAL=TRUE
//Result of TRY_COMPILE
HAVE_SIZEOF_LONG_LONG:INTERNAL=TRUE
//Result of TRY_COMPILE
HAVE_SIZEOF_MBSTATE_T:INTERNAL=TRUE
//Result of TRY_COMPILE
HAVE_SIZEOF_SHORT:INTERNAL=TRUE
//Result of TRY_COMPILE
HAVE_SIZEOF_TIME_T:INTERNAL=TRUE
//Result of TRY_COMPILE
HAVE_SIZEOF_ULONG:INTERNAL=TRUE
//Result of TRY_COMPILE
HAVE_SIZEOF_U_INT32_T:INTERNAL=TRUE
//Result of TRY_COMPILE
HAVE_SIZEOF_VOIDP:INTERNAL=TRUE
//Result of TRY_COMPILE
HAVE_SIZEOF_WCHAR_T:INTERNAL=TRUE
//Result of TRY_COMPILE
HAVE_SIZEOF_WINT_T:INTERNAL=TRUE
//Have function sleep
HAVE_SLEEP:INTERNAL=1
//Test HAVE_SOCKADDR_IN6_SIN6_LEN
HAVE_SOCKADDR_IN6_SIN6_LEN:INTERNAL=
//Test HAVE_SOCKADDR_IN_SIN_LEN
HAVE_SOCKADDR_IN_SIN_LEN:INTERNAL=
//Test HAVE_SOLARIS_AFFINITY
HAVE_SOLARIS_AFFINITY:INTERNAL=
//Have include stddef.h
HAVE_STDDEF_H:INTERNAL=1
//Have include stdint.h
HAVE_STDINT_H:INTERNAL=1
//Have function stpcpy
HAVE_STPCPY:INTERNAL=1
//Have function stpncpy
HAVE_STPNCPY:INTERNAL=1
//Test HAVE_STRINGOP_OVERFLOW
HAVE_STRINGOP_OVERFLOW:INTERNAL=1
//Test HAVE_STRINGOP_TRUNCATION
HAVE_STRINGOP_TRUNCATION:INTERNAL=1
//Have include strings.h
HAVE_STRINGS_H:INTERNAL=1
//Have function strlcat
HAVE_STRLCAT:INTERNAL=
//Have function strlcpy
HAVE_STRLCPY:INTERNAL=
//Have function strndup
HAVE_STRNDUP:INTERNAL=1
//Have function strptime
HAVE_STRPTIME:INTERNAL=1
//Have function strsignal
HAVE_STRSIGNAL:INTERNAL=1
//Have function sysconf
HAVE_SYSCONF:INTERNAL=1
//Have include sys/cdefs.h
HAVE_SYS_CDEFS_H:INTERNAL=1
//Test HAVE_SYS_GETTID
HAVE_SYS_GETTID:INTERNAL=1
//Have include sys/ioctl.h
HAVE_SYS_IOCTL_H:INTERNAL=1
//Have include sys/mman.h
HAVE_SYS_MMAN_H:INTERNAL=1
//Have include sys/param.h
HAVE_SYS_PARAM_H:INTERNAL=1
//Have include sys/prctl.h
HAVE_SYS_PRCTL_H:INTERNAL=1
//Have include sys/resource.h
HAVE_SYS_RESOURCE_H:INTERNAL=1
//Have include sys/select.h
HAVE_SYS_SELECT_H:INTERNAL=1
//Have include sys/socket.h
HAVE_SYS_SOCKET_H:INTERNAL=1
//Have include sys/times.h
HAVE_SYS_TIMES_H:INTERNAL=1
//Have include sys/time.h
HAVE_SYS_TIME_H:INTERNAL=1
//Have include sys/types.h
HAVE_SYS_TYPES_H:INTERNAL=1
//Have include sys/un.h
HAVE_SYS_UN_H:INTERNAL=1
//Have include sys/wait.h
HAVE_SYS_WAIT_H:INTERNAL=1
//Have function tell
HAVE_TELL:INTERNAL=
//Have include termios.h
HAVE_TERMIOS_H:INTERNAL=1
//Have include termio.h
HAVE_TERMIO_H:INTERNAL=1
//Have include curses.h;term.h
HAVE_TERM_H:INTERNAL=1
//Have function timer_create
HAVE_TIMER_CREATE:INTERNAL=1
//Have function timer_settime
HAVE_TIMER_SETTIME:INTERNAL=1
//Have function times
HAVE_TIMES:INTERNAL=1
//Test HAVE_TM_GMTOFF
HAVE_TM_GMTOFF:INTERNAL=1
//Have library /usr/lib/x86_64-linux-gnu/libcurses.so
HAVE_TPUTS_IN_CURSES:INTERNAL=1
//Have include unistd.h
HAVE_UNISTD_H:INTERNAL=1
//Test HAVE_UNUSED_RESULT
HAVE_UNUSED_RESULT:INTERNAL=1
//Have function unvis
HAVE_UNVIS:INTERNAL=
//Test HAVE_USE_AFTER_FREE
HAVE_USE_AFTER_FREE:INTERNAL=
//Have function vasprintf
HAVE_VASPRINTF:INTERNAL=1
//Have function vis
HAVE_VIS:INTERNAL=
//Test HAVE_VISIBILITY_HIDDEN
HAVE_VISIBILITY_HIDDEN:INTERNAL=1
//Have function wcsdup
HAVE_WCSDUP:INTERNAL=1
//Test HAVE_Wjump-misses-init
HAVE_Wjump-misses-init:INTERNAL=1
//Test HAVE_Wmissing-include-dirs
HAVE_Wmissing-include-dirs:INTERNAL=1
//Test HAVE_Wstringop-truncation
HAVE_Wstringop-truncation:INTERNAL=1
//Test HAVE_XDR_OPS_X_GETINT32
HAVE_XDR_OPS_X_GETINT32:INTERNAL=
//Test HAVE_XDR_OPS_X_PUTINT32
HAVE_XDR_OPS_X_PUTINT32:INTERNAL=
//Have includes xfs/xfs.h
HAVE_XFS_XFS_H:INTERNAL=
//Test HAVE__BITSCANFORWARD
HAVE__BITSCANFORWARD:INTERNAL=
//Test HAVE__BITSCANREVERSE
HAVE__BITSCANREVERSE:INTERNAL=
//Test HAVE___BUILTIN_CLZ
HAVE___BUILTIN_CLZ:INTERNAL=1
//Test HAVE___BUILTIN_CTZ
HAVE___BUILTIN_CTZ:INTERNAL=1
//Test HAVE___BUILTIN_FFS
HAVE___BUILTIN_FFS:INTERNAL=
//Result of TRY_COMPILE
HAVE___BUILTIN_FFS_COMPILED:INTERNAL=TRUE
//Result of try_run()
HAVE___BUILTIN_FFS_EXITCODE:INTERNAL=FAILED_TO_RUN
//Have function __secure_getenv
HAVE___SECURE_GETENV:INTERNAL=
//Have function backtrace
HAVE_backtrace_IN_LIBC:INTERNAL=1
//Have function bind
HAVE_bind_IN_LIBC:INTERNAL=1
//Have function clock_gettime
HAVE_clock_gettime_IN_LIBC:INTERNAL=1
//Have function dlopen
HAVE_dlopen_IN_LIBC:INTERNAL=1
//Have function dlsym
HAVE_dlsym_IN_LIBC:INTERNAL=1
//Have function floor
HAVE_floor_IN_LIBC:INTERNAL=
//Have library m
HAVE_floor_IN_m:INTERNAL=1
//Have function gethostbyname_r
HAVE_gethostbyname_r_IN_LIBC:INTERNAL=1
//Have function sched_yield
HAVE_sched_yield_IN_LIBC:INTERNAL=1
//Have function setsockopt
HAVE_setsockopt_IN_LIBC:INTERNAL=1
//Have function timer_create
HAVE_timer_create_IN_LIBC:INTERNAL=1
//ICU major
ICU_VERSION:INTERNAL=73
//ADVANCED property for variable: INNODB_COMPILER_HINTS
INNODB_COMPILER_HINTS-ADVANCED:INTERNAL=1
//ADVANCED property for variable: INSTALL_BINDIR
INSTALL_BINDIR-ADVANCED:INTERNAL=1
//ADVANCED property for variable: INSTALL_DOCDIR
INSTALL_DOCDIR-ADVANCED:INTERNAL=1
//ADVANCED property for variable: INSTALL_DOCREADMEDIR
INSTALL_DOCREADMEDIR-ADVANCED:INTERNAL=1
//ADVANCED property for variable: INSTALL_INCLUDEDIR
INSTALL_INCLUDEDIR-ADVANCED:INTERNAL=1
//ADVANCED property for variable: INSTALL_INFODIR
INSTALL_INFODIR-ADVANCED:INTERNAL=1
//ADVANCED property for variable: INSTALL_LIBDIR
INSTALL_LIBDIR-ADVANCED:INTERNAL=1
//ADVANCED property for variable: INSTALL_MANDIR
INSTALL_MANDIR-ADVANCED:INTERNAL=1
//ADVANCED property for variable: INSTALL_MYSQLDATADIR
INSTALL_MYSQLDATADIR-ADVANCED:INTERNAL=1
//ADVANCED property for variable: INSTALL_MYSQLKEYRINGDIR
INSTALL_MYSQLKEYRINGDIR-ADVANCED:INTERNAL=1
//ADVANCED property for variable: INSTALL_MYSQLSHAREDIR
INSTALL_MYSQLSHAREDIR-ADVANCED:INTERNAL=1
//ADVANCED property for variable: INSTALL_MYSQLTESTDIR
INSTALL_MYSQLTESTDIR-ADVANCED:INTERNAL=1
//ADVANCED property for variable: INSTALL_PLUGINDIR
INSTALL_PLUGINDIR-ADVANCED:INTERNAL=1
//ADVANCED property for variable: INSTALL_PLUGINTESTDIR
INSTALL_PLUGINTESTDIR-ADVANCED:INTERNAL=1
//ADVANCED property for variable: INSTALL_PRIV_LIBDIR
INSTALL_PRIV_LIBDIR-ADVANCED:INTERNAL=1
//ADVANCED property for variable: INSTALL_SBINDIR
INSTALL_SBINDIR-ADVANCED:INTERNAL=1
//ADVANCED property for variable: INSTALL_SECURE_FILE_PRIVDIR
INSTALL_SECURE_FILE_PRIVDIR-ADVANCED:INTERNAL=1
//ADVANCED property for variable: INSTALL_SHAREDIR
INSTALL_SHAREDIR-ADVANCED:INTERNAL=1
//ADVANCED property for variable: INSTALL_SUPPORTFILESDIR
INSTALL_SUPPORTFILESDIR-ADVANCED:INTERNAL=1
KNOWN_CONVENIENCE_LIBRARIES:INTERNAL=
KNOWN_CUSTOM_LIBRARIES:INTERNAL=
//ADVANCED property for variable: MAKECOMMAND
MAKECOMMAND-ADVANCED:INTERNAL=1
//ADVANCED property for variable: MANUFACTURER
MANUFACTURER-ADVANCED:INTERNAL=1
//ADVANCED property for variable: MEMORYCHECK_COMMAND
MEMORYCHECK_COMMAND-ADVANCED:INTERNAL=1
//ADVANCED property for variable: MEMORYCHECK_SUPPRESSIONS_FILE
MEMORYCHECK_SUPPRESSIONS_FILE-ADVANCED:INTERNAL=1
//Test MM_MALLOC
MM_MALLOC:INTERNAL=1
//Test MM_PREFETCH
MM_PREFETCH:INTERNAL=1
MYSQLD_STATIC_PLUGIN_LIBS:INTERNAL=archive;extra::rapidjson;ext::zlib;blackhole;extra::rapidjson;ext::zlib;csv;extra::rapidjson;federated;extra::rapidjson;heap;heap_library;extra::rapidjson;innobase;sql_dd;sql_gis;ext::zlib;ext::lz4;numa;extra::rapidjson;myisam;myisam_library;myisammrg;extra::rapidjson;ndbcluster;ndbclient_static;extra::rapidjson;perfschema;extra::rapidjson;ext::zlib;mysql_gtid;shannon_rapid;rapid_compress;sql_dd;numa;_lightgbm;gomp;temptable;extra::rapidjson;ngram_parser;mysqlx;harness_net_ts;ext::icu;mysqlxmessages_lite;extra::rapidjson;ext::lz4;ext::zstd;ext::zlib;mysql_native_password;extra::boost
//ADVANCED property for variable: MYSQL_BASE_VERSION
MYSQL_BASE_VERSION-ADVANCED:INTERNAL=1
//MySQL Base version
MYSQL_BASE_VERSION:INTERNAL=8.4
//ADVANCED property for variable: MYSQL_DOCS_LOCATION
MYSQL_DOCS_LOCATION-ADVANCED:INTERNAL=1
//ADVANCED property for variable: MYSQL_PROJECT_NAME
MYSQL_PROJECT_NAME-ADVANCED:INTERNAL=1
NCURSES_CFLAGS:INTERNAL=-D_DEFAULT_SOURCE;-D_XOPEN_SOURCE=600
NCURSES_CFLAGS_I:INTERNAL=
NCURSES_CFLAGS_OTHER:INTERNAL=-D_DEFAULT_SOURCE;-D_XOPEN_SOURCE=600
NCURSES_FOUND:INTERNAL=1
NCURSES_INCLUDEDIR:INTERNAL=/usr/include
NCURSES_INCLUDE_DIRS:INTERNAL=
NCURSES_LDFLAGS:INTERNAL=-Wl,-Bsymbolic-functions;-lncurses;-ltinfo
NCURSES_LDFLAGS_OTHER:INTERNAL=-Wl,-Bsymbolic-functions
NCURSES_LIBDIR:INTERNAL=/usr/lib/x86_64-linux-gnu
NCURSES_LIBRARIES:INTERNAL=ncurses;tinfo
NCURSES_LIBRARY_DIRS:INTERNAL=
NCURSES_LIBS:INTERNAL=
NCURSES_LIBS_L:INTERNAL=
NCURSES_LIBS_OTHER:INTERNAL=
NCURSES_LIBS_PATHS:INTERNAL=
NCURSES_MODULE_NAME:INTERNAL=ncurses
NCURSES_PREFIX:INTERNAL=/usr
NCURSES_STATIC_CFLAGS:INTERNAL=-D_DEFAULT_SOURCE;-D_XOPEN_SOURCE=600
NCURSES_STATIC_CFLAGS_I:INTERNAL=
NCURSES_STATIC_CFLAGS_OTHER:INTERNAL=-D_DEFAULT_SOURCE;-D_XOPEN_SOURCE=600
NCURSES_STATIC_INCLUDE_DIRS:INTERNAL=
NCURSES_STATIC_LDFLAGS:INTERNAL=-Wl,-Bsymbolic-functions;-lncurses;-ltinfo;-ldl
NCURSES_STATIC_LDFLAGS_OTHER:INTERNAL=-Wl,-Bsymbolic-functions
NCURSES_STATIC_LIBDIR:INTERNAL=
NCURSES_STATIC_LIBRARIES:INTERNAL=ncurses;tinfo;dl
NCURSES_STATIC_LIBRARY_DIRS:INTERNAL=
NCURSES_STATIC_LIBS:INTERNAL=
NCURSES_STATIC_LIBS_L:INTERNAL=
NCURSES_STATIC_LIBS_OTHER:INTERNAL=
NCURSES_STATIC_LIBS_PATHS:INTERNAL=
NCURSES_VERSION:INTERNAL=6.2.20201114
NCURSES_ncurses_INCLUDEDIR:INTERNAL=
NCURSES_ncurses_LIBDIR:INTERNAL=
NCURSES_ncurses_PREFIX:INTERNAL=
NCURSES_ncurses_VERSION:INTERNAL=
//CHECK_TYPE_SIZE: sizeof(char)
NDB_SIZEOF_CHAR:INTERNAL=1
//CHECK_TYPE_SIZE: sizeof(char*)
NDB_SIZEOF_CHARP:INTERNAL=8
//CHECK_TYPE_SIZE: sizeof(int)
NDB_SIZEOF_INT:INTERNAL=4
//CHECK_TYPE_SIZE: sizeof(long)
NDB_SIZEOF_LONG:INTERNAL=8
//CHECK_TYPE_SIZE: sizeof(long long)
NDB_SIZEOF_LONG_LONG:INTERNAL=8
//CHECK_TYPE_SIZE: sizeof(short)
NDB_SIZEOF_SHORT:INTERNAL=2
//NDB Build Version
NDB_VERSION_BUILD:INTERNAL=3
//NDB Major Version
NDB_VERSION_MAJOR:INTERNAL=8
//NDB Minor Version
NDB_VERSION_MINOR:INTERNAL=4
//NDB Status Version
NDB_VERSION_STATUS:INTERNAL=
//CHECK_TYPE_SIZE: sizeof(off64_t)
OFF64_T:INTERNAL=8
OLD_INSTALL_LAYOUT:INTERNAL=STANDALONE
OLD_WITH_DEBUG:INTERNAL=1
//Test OLD_XDR
OLD_XDR:INTERNAL=
//ADVANCED property for variable: OPENSSL_CRYPTO_LIBRARY
OPENSSL_CRYPTO_LIBRARY-ADVANCED:INTERNAL=1
//ADVANCED property for variable: OPENSSL_INCLUDE_DIR
OPENSSL_INCLUDE_DIR-ADVANCED:INTERNAL=1
OPENSSL_MAJOR_MINOR_FIX_VERSION:INTERNAL=1.01.01
//ADVANCED property for variable: OPENSSL_SSL_LIBRARY
OPENSSL_SSL_LIBRARY-ADVANCED:INTERNAL=1
OPENSSL_VERSION_MAJOR:INTERNAL=
//Result of TRY_COMPILE
OpenMP_COMPILE_RESULT_CXX_fopenmp:INTERNAL=TRUE
//Result of TRY_COMPILE
OpenMP_COMPILE_RESULT_C_fopenmp:INTERNAL=TRUE
//ADVANCED property for variable: OpenMP_CXX_FLAGS
OpenMP_CXX_FLAGS-ADVANCED:INTERNAL=1
//ADVANCED property for variable: OpenMP_CXX_LIB_NAMES
OpenMP_CXX_LIB_NAMES-ADVANCED:INTERNAL=1
//CXX compiler's OpenMP specification date
OpenMP_CXX_SPEC_DATE:INTERNAL=201511
//ADVANCED property for variable: OpenMP_C_FLAGS
OpenMP_C_FLAGS-ADVANCED:INTERNAL=1
//ADVANCED property for variable: OpenMP_C_LIB_NAMES
OpenMP_C_LIB_NAMES-ADVANCED:INTERNAL=1
//C compiler's OpenMP specification date
OpenMP_C_SPEC_DATE:INTERNAL=201511
//Result of TRY_COMPILE
OpenMP_SPECTEST_CXX_:INTERNAL=TRUE
//Result of TRY_COMPILE
OpenMP_SPECTEST_C_:INTERNAL=TRUE
//ADVANCED property for variable: OpenMP_gomp_LIBRARY
OpenMP_gomp_LIBRARY-ADVANCED:INTERNAL=1
//ADVANCED property for variable: OpenMP_pthread_LIBRARY
OpenMP_pthread_LIBRARY-ADVANCED:INTERNAL=1
//ADVANCED property for variable: PKG_CONFIG_ARGN
PKG_CONFIG_ARGN-ADVANCED:INTERNAL=1
//ADVANCED property for variable: PKG_CONFIG_EXECUTABLE
PKG_CONFIG_EXECUTABLE-ADVANCED:INTERNAL=1
PROTOBUF_FOUND:INTERNAL=1
PROTOBUF_INCLUDE_DIR:INTERNAL=/home/wuy/ShannonBase/extra/protobuf/protobuf-24.4/src
PROTOBUF_INCLUDE_DIRS:INTERNAL=/home/wuy/ShannonBase/extra/protobuf/protobuf-24.4/src
PROTOBUF_PROTOC_EXECUTABLE:INTERNAL=protoc
//PROTOBUF major.minor.micro
PROTOBUF_VERSION:INTERNAL=4.24.4
//ADVANCED property for variable: ProcessorCount_cmd_nproc
ProcessorCount_cmd_nproc-ADVANCED:INTERNAL=1
//ADVANCED property for variable: ProcessorCount_cmd_sysctl
ProcessorCount_cmd_sysctl-ADVANCED:INTERNAL=1
//ADVANCED property for variable: ROUTER_INSTALL_BINDIR
ROUTER_INSTALL_BINDIR-ADVANCED:INTERNAL=1
//ADVANCED property for variable: ROUTER_INSTALL_CONFIGDIR
ROUTER_INSTALL_CONFIGDIR-ADVANCED:INTERNAL=1
//ADVANCED property for variable: ROUTER_INSTALL_DATADIR
ROUTER_INSTALL_DATADIR-ADVANCED:INTERNAL=1
//ADVANCED property for variable: ROUTER_INSTALL_DOCDIR
ROUTER_INSTALL_DOCDIR-ADVANCED:INTERNAL=1
//ADVANCED property for variable: ROUTER_INSTALL_LIBDIR
ROUTER_INSTALL_LIBDIR-ADVANCED:INTERNAL=1
//ADVANCED property for variable: ROUTER_INSTALL_LOGDIR
ROUTER_INSTALL_LOGDIR-ADVANCED:INTERNAL=1
//ADVANCED property for variable: ROUTER_INSTALL_LOGROTATEDIR
ROUTER_INSTALL_LOGROTATEDIR-ADVANCED:INTERNAL=1
//ADVANCED property for variable: ROUTER_INSTALL_LOGROTATEFILE
ROUTER_INSTALL_LOGROTATEFILE-ADVANCED:INTERNAL=1
//ADVANCED property for variable: ROUTER_INSTALL_PLUGINDIR
ROUTER_INSTALL_PLUGINDIR-ADVANCED:INTERNAL=1
//ADVANCED property for variable: ROUTER_INSTALL_RUNTIMEDIR
ROUTER_INSTALL_RUNTIMEDIR-ADVANCED:INTERNAL=1
//ADVANCED property for variable: RPCGEN_EXECUTABLE
RPCGEN_EXECUTABLE-ADVANCED:INTERNAL=1
//ADVANCED property for variable: SHOW_SUPPRESSED_COMPILER_WARNINGS
SHOW_SUPPRESSED_COMPILER_WARNINGS-ADVANCED:INTERNAL=1
//ADVANCED property for variable: SITE
SITE-ADVANCED:INTERNAL=1
//CHECK_TYPE_SIZE: sizeof(char *)
SIZEOF_CHARP:INTERNAL=8
//CHECK_TYPE_SIZE: sizeof(int)
SIZEOF_INT:INTERNAL=4
//CHECK_TYPE_SIZE: sizeof(long)
SIZEOF_LONG:INTERNAL=8
//CHECK_TYPE_SIZE: sizeof(long long)
SIZEOF_LONG_LONG:INTERNAL=8
//CHECK_TYPE_SIZE: sizeof(mbstate_t)
SIZEOF_MBSTATE_T:INTERNAL=8
//CHECK_TYPE_SIZE: sizeof(short)
SIZEOF_SHORT:INTERNAL=2
//CHECK_TYPE_SIZE: sizeof(time_t)
SIZEOF_TIME_T:INTERNAL=8
//CHECK_TYPE_SIZE: sizeof(ulong)
SIZEOF_ULONG:INTERNAL=8
//CHECK_TYPE_SIZE: sizeof(u_int32_t)
SIZEOF_U_INT32_T:INTERNAL=4
//CHECK_TYPE_SIZE: sizeof(void *)
SIZEOF_VOIDP:INTERNAL=8
//CHECK_TYPE_SIZE: sizeof(wchar_t)
SIZEOF_WCHAR_T:INTERNAL=4
//CHECK_TYPE_SIZE: sizeof(wint_t)
SIZEOF_WINT_T:INTERNAL=4
//ADVANCED property for variable: SYSCONFDIR
SYSCONFDIR-ADVANCED:INTERNAL=1
//ADVANCED property for variable: TAR_EXECUTABLE
TAR_EXECUTABLE-ADVANCED:INTERNAL=1
//Have include time.h;sys/time.h
TIME_WITH_SYS_TIME:INTERNAL=1
TIRPC_CFLAGS:INTERNAL=-I/usr/include/tirpc
TIRPC_CFLAGS_I:INTERNAL=
TIRPC_CFLAGS_OTHER:INTERNAL=
TIRPC_FOUND:INTERNAL=1
TIRPC_INCLUDEDIR:INTERNAL=/usr/include
TIRPC_INCLUDE_DIRS:INTERNAL=/usr/include/tirpc
TIRPC_LDFLAGS:INTERNAL=-L/usr/lib/x86_64-linux-gnu;-ltirpc
TIRPC_LDFLAGS_OTHER:INTERNAL=
TIRPC_LIBDIR:INTERNAL=/usr/lib/x86_64-linux-gnu
TIRPC_LIBRARIES:INTERNAL=tirpc
TIRPC_LIBRARY_DIRS:INTERNAL=/usr/lib/x86_64-linux-gnu
TIRPC_LIBS:INTERNAL=
TIRPC_LIBS_L:INTERNAL=
TIRPC_LIBS_OTHER:INTERNAL=
TIRPC_LIBS_PATHS:INTERNAL=
TIRPC_MODULE_NAME:INTERNAL=libtirpc
TIRPC_PREFIX:INTERNAL=/usr
TIRPC_STATIC_CFLAGS:INTERNAL=-I/usr/include/tirpc
TIRPC_STATIC_CFLAGS_I:INTERNAL=
TIRPC_STATIC_CFLAGS_OTHER:INTERNAL=
TIRPC_STATIC_INCLUDE_DIRS:INTERNAL=/usr/include/tirpc
TIRPC_STATIC_LDFLAGS:INTERNAL=-L/usr/lib/x86_64-linux-gnu;-ltirpc;-lpthread
TIRPC_STATIC_LDFLAGS_OTHER:INTERNAL=
TIRPC_STATIC_LIBDIR:INTERNAL=
TIRPC_STATIC_LIBRARIES:INTERNAL=tirpc;pthread
TIRPC_STATIC_LIBRARY_DIRS:INTERNAL=/usr/lib/x86_64-linux-gnu
TIRPC_STATIC_LIBS:INTERNAL=
TIRPC_STATIC_LIBS_L:INTERNAL=
TIRPC_STATIC_LIBS_OTHER:INTERNAL=
TIRPC_STATIC_LIBS_PATHS:INTERNAL=
TIRPC_VERSION:INTERNAL=1.3.2
TIRPC_libtirpc_INCLUDEDIR:INTERNAL=
TIRPC_libtirpc_LIBDIR:INTERNAL=
TIRPC_libtirpc_PREFIX:INTERNAL=
TIRPC_libtirpc_VERSION:INTERNAL=
USE_NEW_EDITLINE_INTERFACE:INTERNAL=1
//ADVANCED property for variable: WITHOUT_SERVER
WITHOUT_SERVER-ADVANCED:INTERNAL=1
//Link CSV statically to the server
WITH_CSV_STORAGE_ENGINE:INTERNAL=ON
//Link HEAP statically to the server
WITH_HEAP_STORAGE_ENGINE:INTERNAL=ON
//Link INNOBASE statically to the server
WITH_INNOBASE_STORAGE_ENGINE:INTERNAL=ON
//Link MYISAMMRG statically to the server
WITH_MYISAMMRG_STORAGE_ENGINE:INTERNAL=ON
//Link MYISAM statically to the server
WITH_MYISAM_STORAGE_ENGINE:INTERNAL=ON
//Link PERFSCHEMA statically to the server
WITH_PERFSCHEMA_STORAGE_ENGINE:INTERNAL=ON
//Link SHANNON_RAPID statically to the server
WITH_SHANNON_RAPID_STORAGE_ENGINE:INTERNAL=ON
//Link TEMPTABLE statically to the server
WITH_TEMPTABLE_STORAGE_ENGINE:INTERNAL=ON
WITH_TIRPC:INTERNAL=system
//Test X_PUTLONG_NOT_USE_CONST
X_PUTLONG_NOT_USE_CONST:INTERNAL=
//ZLIB major.minor.step
ZLIB_VERSION:INTERNAL=1.3.1
//ZSTD major.minor.step
ZSTD_VERSION:INTERNAL=1.5.5
//Have include unistd.h
Z_HAVE_UNISTD_H:INTERNAL=1
//CMAKE_INSTALL_PREFIX during last run
_GNUInstallDirs_LAST_CMAKE_INSTALL_PREFIX:INTERNAL=/home/wuy/DB/ShannonBase/shannon_bin_asan
_OPENSSL_CFLAGS:INTERNAL=-I/usr/include
_OPENSSL_CFLAGS_I:INTERNAL=
_OPENSSL_CFLAGS_OTHER:INTERNAL=
_OPENSSL_FOUND:INTERNAL=1
_OPENSSL_INCLUDEDIR:INTERNAL=/usr/include
_OPENSSL_INCLUDE_DIRS:INTERNAL=/usr/include
_OPENSSL_LDFLAGS:INTERNAL=-L/usr/lib/x86_64-linux-gnu;-lssl;-lcrypto
_OPENSSL_LDFLAGS_OTHER:INTERNAL=
_OPENSSL_LIBDIR:INTERNAL=/usr/lib/x86_64-linux-gnu
_OPENSSL_LIBRARIES:INTERNAL=ssl;crypto
_OPENSSL_LIBRARY_DIRS:INTERNAL=/usr/lib/x86_64-linux-gnu
_OPENSSL_LIBS:INTERNAL=
_OPENSSL_LIBS_L:INTERNAL=
_OPENSSL_LIBS_OTHER:INTERNAL=
_OPENSSL_LIBS_PATHS:INTERNAL=
_OPENSSL_MODULE_NAME:INTERNAL=openssl
_OPENSSL_PREFIX:INTERNAL=/usr
_OPENSSL_STATIC_CFLAGS:INTERNAL=-I/usr/include
_OPENSSL_STATIC_CFLAGS_I:INTERNAL=
_OPENSSL_STATIC_CFLAGS_OTHER:INTERNAL=
_OPENSSL_STATIC_INCLUDE_DIRS:INTERNAL=/usr/include
_OPENSSL_STATIC_LDFLAGS:INTERNAL=-L/usr/lib/x86_64-linux-gnu;-lssl;-lcrypto;-ldl;-pthread
_OPENSSL_STATIC_LDFLAGS_OTHER:INTERNAL=-pthread
_OPENSSL_STATIC_LIBDIR:INTERNAL=
_OPENSSL_STATIC_LIBRARIES:INTERNAL=ssl;crypto;dl
_OPENSSL_STATIC_LIBRARY_DIRS:INTERNAL=/usr/lib/x86_64-linux-gnu
_OPENSSL_STATIC_LIBS:INTERNAL=
_OPENSSL_STATIC_LIBS_L:INTERNAL=
_OPENSSL_STATIC_LIBS_OTHER:INTERNAL=
_OPENSSL_STATIC_LIBS_PATHS:INTERNAL=
_OPENSSL_VERSION:INTERNAL=1.1.1l
_OPENSSL_openssl_INCLUDEDIR:INTERNAL=
_OPENSSL_openssl_LIBDIR:INTERNAL=
_OPENSSL_openssl_PREFIX:INTERNAL=
_OPENSSL_openssl_VERSION:INTERNAL=
__pkg_config_arguments_NCURSES:INTERNAL=QUIET;ncurses
__pkg_config_arguments_TIRPC:INTERNAL=libtirpc
__pkg_config_arguments__OPENSSL:INTERNAL=QUIET;openssl
__pkg_config_checked_NCURSES:INTERNAL=1
__pkg_config_checked_TIRPC:INTERNAL=1
__pkg_config_checked__OPENSSL:INTERNAL=1
//ADVANCED property for variable: pkgcfg_lib_NCURSES_ncurses
pkgcfg_lib_NCURSES_ncurses-ADVANCED:INTERNAL=1
//ADVANCED property for variable: pkgcfg_lib_NCURSES_tinfo
pkgcfg_lib_NCURSES_tinfo-ADVANCED:INTERNAL=1
//ADVANCED property for variable: pkgcfg_lib_TIRPC_tirpc
pkgcfg_lib_TIRPC_tirpc-ADVANCED:INTERNAL=1
//ADVANCED property for variable: pkgcfg_lib__OPENSSL_crypto
pkgcfg_lib__OPENSSL_crypto-ADVANCED:INTERNAL=1
//ADVANCED property for variable: pkgcfg_lib__OPENSSL_ssl
pkgcfg_lib__OPENSSL_ssl-ADVANCED:INTERNAL=1
prefix_result:INTERNAL=/usr/lib/x86_64-linux-gnu
//STRINGS property for variable: protobuf_ABSL_PROVIDER
protobuf_ABSL_PROVIDER-STRINGS:INTERNAL=module;package
//Build examples
protobuf_BUILD_EXAMPLES:INTERNAL=OFF
//Build Shared Libraries
protobuf_BUILD_SHARED_LIBS:INTERNAL=ON
//Build tests
protobuf_BUILD_TESTS:INTERNAL=OFF
//ADVANCED property for variable: protobuf_DEBUG_POSTFIX
protobuf_DEBUG_POSTFIX-ADVANCED:INTERNAL=1
//Test protobuf_HAVE_BUILTIN_ATOMICS
protobuf_HAVE_BUILTIN_ATOMICS:INTERNAL=1
//Test protobuf_HAVE_LD_VERSION_SCRIPT
protobuf_HAVE_LD_VERSION_SCRIPT:INTERNAL=1
//STRINGS property for variable: protobuf_JSONCPP_PROVIDER
protobuf_JSONCPP_PROVIDER-STRINGS:INTERNAL=module;package
//ADVANCED property for variable: protobuf_MODULE_COMPATIBLE
protobuf_MODULE_COMPATIBLE-ADVANCED:INTERNAL=1
//Link static runtime libraries
protobuf_MSVC_STATIC_RUNTIME:INTERNAL=OFF
//ADVANCED property for variable: protobuf_VERBOSE
protobuf_VERBOSE-ADVANCED:INTERNAL=1
//Build with zlib support
protobuf_WITH_ZLIB:INTERNAL=ON

